-------------------------------------------------------------------------------
Test set: com.cybernostics.jsp2thymeleaf.JSP2ThymeleafHappyCaseTest
-------------------------------------------------------------------------------
Tests run: 11, Failures: 4, Errors: 2, Skipped: 0, Time elapsed: 1.688 s <<< FAILURE! -- in com.cybernostics.jsp2thymeleaf.JSP2ThymeleafHappyCaseTest
com.cybernostics.jsp2thymeleaf.JSP2ThymeleafHappyCaseTest.JSPToThymeleafShouldConvert[01_clean_html.jsp] -- Time elapsed: 0.197 s <<< ERROR!
org.jdom2.IllegalAddException: Cannot add a second root element, only one is allowed
	at org.jdom2.Document.canContainContent(Document.java:799)
	at org.jdom2.ContentList.add(ContentList.java:246)
	at org.jdom2.ContentList.addAll(ContentList.java:306)
	at org.jdom2.ContentList.addAll(ContentList.java:272)
	at org.jdom2.Document.addContent(Document.java:337)
	at com.cybernostics.jsp2thymeleaf.parser.JSP2ThymeleafTransformerListener.addContent(JSP2ThymeleafTransformerListener.java:392)
	at com.cybernostics.jsp2thymeleaf.parser.JSP2ThymeleafTransformerListener.addContent(JSP2ThymeleafTransformerListener.java:375)
	at com.cybernostics.jsp2thymeleaf.parser.JSP2ThymeleafTransformerListener.enterHtmlChardata(JSP2ThymeleafTransformerListener.java:170)
	at com.cybernostics.jsp.parser.JSPParser$HtmlChardataContext.enterRule(JSPParser.java:1067)
	at org.antlr.v4.runtime.tree.ParseTreeWalker.enterRule(ParseTreeWalker.java:66)
	at org.antlr.v4.runtime.tree.ParseTreeWalker.walk(ParseTreeWalker.java:49)
	at org.antlr.v4.runtime.tree.ParseTreeWalker.walk(ParseTreeWalker.java:52)
	at org.antlr.v4.runtime.tree.ParseTreeWalker.walk(ParseTreeWalker.java:52)
	at org.antlr.v4.runtime.tree.ParseTreeWalker.walk(ParseTreeWalker.java:52)
	at com.cybernostics.jsp2thymeleaf.converters.JSP2ThymeleafFileConverter.convert(JSP2ThymeleafFileConverter.java:64)
	at com.cybernostics.jsp2thymeleaf.JSP2ThymeleafHappyCaseTest.JSPToThymeleafShouldConvert(JSP2ThymeleafHappyCaseTest.java:68)
	at java.base/jdk.internal.reflect.DirectMethodHandleAccessor.invoke(DirectMethodHandleAccessor.java:103)
	at java.base/java.lang.reflect.Method.invoke(Method.java:580)
	at org.junit.runners.model.FrameworkMethod$1.runReflectiveCall(FrameworkMethod.java:50)
	at org.junit.internal.runners.model.ReflectiveCallable.run(ReflectiveCallable.java:12)
	at org.junit.runners.model.FrameworkMethod.invokeExplosively(FrameworkMethod.java:47)
	at org.junit.internal.runners.statements.InvokeMethod.evaluate(InvokeMethod.java:17)
	at org.junit.internal.runners.statements.RunAfters.evaluate(RunAfters.java:27)
	at org.junit.runners.ParentRunner.runLeaf(ParentRunner.java:325)
	at org.junit.runners.BlockJUnit4ClassRunner.runChild(BlockJUnit4ClassRunner.java:78)
	at org.junit.runners.BlockJUnit4ClassRunner.runChild(BlockJUnit4ClassRunner.java:57)
	at org.junit.runners.ParentRunner$3.run(ParentRunner.java:290)
	at org.junit.runners.ParentRunner$1.schedule(ParentRunner.java:71)
	at org.junit.runners.ParentRunner.runChildren(ParentRunner.java:288)
	at org.junit.runners.ParentRunner.access$000(ParentRunner.java:58)
	at org.junit.runners.ParentRunner$2.evaluate(ParentRunner.java:268)
	at org.junit.runners.ParentRunner.run(ParentRunner.java:363)
	at org.junit.runners.Suite.runChild(Suite.java:128)
	at org.junit.runners.Suite.runChild(Suite.java:27)
	at org.junit.runners.ParentRunner$3.run(ParentRunner.java:290)
	at org.junit.runners.ParentRunner$1.schedule(ParentRunner.java:71)
	at org.junit.runners.ParentRunner.runChildren(ParentRunner.java:288)
	at org.junit.runners.ParentRunner.access$000(ParentRunner.java:58)
	at org.junit.runners.ParentRunner$2.evaluate(ParentRunner.java:268)
	at org.junit.runners.ParentRunner.run(ParentRunner.java:363)
	at org.apache.maven.surefire.junit4.JUnit4Provider.execute(JUnit4Provider.java:316)
	at org.apache.maven.surefire.junit4.JUnit4Provider.executeWithRerun(JUnit4Provider.java:240)
	at org.apache.maven.surefire.junit4.JUnit4Provider.executeTestSet(JUnit4Provider.java:214)
	at org.apache.maven.surefire.junit4.JUnit4Provider.invoke(JUnit4Provider.java:155)
	at org.apache.maven.surefire.booter.ForkedBooter.runSuitesInProcess(ForkedBooter.java:385)
	at org.apache.maven.surefire.booter.ForkedBooter.execute(ForkedBooter.java:162)
	at org.apache.maven.surefire.booter.ForkedBooter.run(ForkedBooter.java:507)
	at org.apache.maven.surefire.booter.ForkedBooter.main(ForkedBooter.java:495)

com.cybernostics.jsp2thymeleaf.JSP2ThymeleafHappyCaseTest.JSPToThymeleafShouldConvert[06_preformatted_data.jsp] -- Time elapsed: 0.091 s <<< FAILURE!
java.lang.AssertionError: 
06_preformatted_data.html:

Expected: is "<!DOCTYPE html SYSTEM \"http://thymeleaf.org/dtd/xhtml-strict-thymeleaf.dtd\"> <html xmlns=\"http://www.w3.org/1999/xhtml\" xmlns:th=\"http://www.thymeleaf.org\"> <head> <title>Thymeleaf Fragment Definition</title> </head> <body> <th:block th:fragment=\"content\"> <h3>forEach - Form 1 (List iterator)</h3> <pre>&lt;c:forEach var=\"item\" items=\"\${fn:splitTokens('red,green,blue')}\" varStatus=\"status\"&gt; This is item \${item}. Status is \${status.index}&lt;br/&gt; &lt;/c:forEach&gt;</pre> <span th:each=\"item,status : ${#strings.split(\"red,green,blue\")}\"> This is item <span th:text=\"${item}\" /> . Status is <span th:text=\"${status.index}\" /> <br /> </span> </th:block> </body> </html>"
     but: was "<!DOCTYPE html SYSTEM \"http://thymeleaf.org/dtd/xhtml-strict-thymeleaf.dtd\"> <html xmlns=\"http://www.w3.org/1999/xhtml\" xmlns:th=\"http://www.thymeleaf.org\"> <head> <title>Thymeleaf Fragment Definition</title> </head> <body> <th:block th:fragment=\"content\"> <h3>forEach - Form 1 (List iterator)</h3> <pre>&lt;c:forEach var=\"item\" items=\"\${fn:splitTokens('red,green,blue')}\" varStatus=\"status\"&gt;&#xD; This is item \${item}. Status is \${status.index}&lt;br/&gt;&#xD; &lt;/c:forEach&gt;</pre> <span th:each=\"item,status : ${#strings.split(\"red,green,blue\")}\"> This is item <span th:text=\"${item}\" /> . Status is <span th:text=\"${status.index}\" /> <br /> </span> </th:block> </body> </html>"
	at org.hamcrest.MatcherAssert.assertThat(MatcherAssert.java:20)
	at com.cybernostics.jsp2thymeleaf.JSP2ThymeleafHappyCaseTest.JSPToThymeleafShouldConvert(JSP2ThymeleafHappyCaseTest.java:72)
	at java.base/jdk.internal.reflect.DirectMethodHandleAccessor.invoke(DirectMethodHandleAccessor.java:103)
	at java.base/java.lang.reflect.Method.invoke(Method.java:580)
	at org.junit.runners.model.FrameworkMethod$1.runReflectiveCall(FrameworkMethod.java:50)
	at org.junit.internal.runners.model.ReflectiveCallable.run(ReflectiveCallable.java:12)
	at org.junit.runners.model.FrameworkMethod.invokeExplosively(FrameworkMethod.java:47)
	at org.junit.internal.runners.statements.InvokeMethod.evaluate(InvokeMethod.java:17)
	at org.junit.internal.runners.statements.RunAfters.evaluate(RunAfters.java:27)
	at org.junit.runners.ParentRunner.runLeaf(ParentRunner.java:325)
	at org.junit.runners.BlockJUnit4ClassRunner.runChild(BlockJUnit4ClassRunner.java:78)
	at org.junit.runners.BlockJUnit4ClassRunner.runChild(BlockJUnit4ClassRunner.java:57)
	at org.junit.runners.ParentRunner$3.run(ParentRunner.java:290)
	at org.junit.runners.ParentRunner$1.schedule(ParentRunner.java:71)
	at org.junit.runners.ParentRunner.runChildren(ParentRunner.java:288)
	at org.junit.runners.ParentRunner.access$000(ParentRunner.java:58)
	at org.junit.runners.ParentRunner$2.evaluate(ParentRunner.java:268)
	at org.junit.runners.ParentRunner.run(ParentRunner.java:363)
	at org.junit.runners.Suite.runChild(Suite.java:128)
	at org.junit.runners.Suite.runChild(Suite.java:27)
	at org.junit.runners.ParentRunner$3.run(ParentRunner.java:290)
	at org.junit.runners.ParentRunner$1.schedule(ParentRunner.java:71)
	at org.junit.runners.ParentRunner.runChildren(ParentRunner.java:288)
	at org.junit.runners.ParentRunner.access$000(ParentRunner.java:58)
	at org.junit.runners.ParentRunner$2.evaluate(ParentRunner.java:268)
	at org.junit.runners.ParentRunner.run(ParentRunner.java:363)
	at org.apache.maven.surefire.junit4.JUnit4Provider.execute(JUnit4Provider.java:316)
	at org.apache.maven.surefire.junit4.JUnit4Provider.executeWithRerun(JUnit4Provider.java:240)
	at org.apache.maven.surefire.junit4.JUnit4Provider.executeTestSet(JUnit4Provider.java:214)
	at org.apache.maven.surefire.junit4.JUnit4Provider.invoke(JUnit4Provider.java:155)
	at org.apache.maven.surefire.booter.ForkedBooter.runSuitesInProcess(ForkedBooter.java:385)
	at org.apache.maven.surefire.booter.ForkedBooter.execute(ForkedBooter.java:162)
	at org.apache.maven.surefire.booter.ForkedBooter.run(ForkedBooter.java:507)
	at org.apache.maven.surefire.booter.ForkedBooter.main(ForkedBooter.java:495)

com.cybernostics.jsp2thymeleaf.JSP2ThymeleafHappyCaseTest.JSPToThymeleafShouldConvert[07_fortokens.jsp] -- Time elapsed: 0.108 s <<< FAILURE!
java.lang.AssertionError: 
07_fortokens.html:

Expected: is "<!DOCTYPE html SYSTEM \"http://thymeleaf.org/dtd/xhtml-strict-thymeleaf.dtd\"> <html xmlns=\"http://www.w3.org/1999/xhtml\" xmlns:th=\"http://www.thymeleaf.org\"> <head> <title>Thymeleaf Fragment Definition</title> </head> <body> <th:block th:fragment=\"content\"> <h3>forTokens</h3> <pre>&lt;c:forTokens var=\"item\" delims=\",\" items=\"fat,cat,sat,mat\"&gt; This is item \${item}&lt;br/&gt; &lt;/c:forTokens&gt;</pre> <span th:each=\"item : ${#strings.split('fat,cat,sat,mat',',')\"> This is item <span th:text=\"${item}\" /> <br /> </span> </th:block> </body> </html>"
     but: was "<!DOCTYPE html SYSTEM \"http://thymeleaf.org/dtd/xhtml-strict-thymeleaf.dtd\"> <html xmlns=\"http://www.w3.org/1999/xhtml\" xmlns:th=\"http://www.thymeleaf.org\"> <head> <title>Thymeleaf Fragment Definition</title> </head> <body> <th:block th:fragment=\"content\"> <h3>forTokens</h3> <pre>&lt;c:forTokens var=\"item\" delims=\",\" items=\"fat,cat,sat,mat\"&gt;&#xD; This is item \${item}&lt;br/&gt;&#xD; &lt;/c:forTokens&gt;</pre> <span th:each=\"item : ${#strings.split('fat,cat,sat,mat',',')\"> This is item <span th:text=\"${item}\" /> <br /> </span> </th:block> </body> </html>"
	at org.hamcrest.MatcherAssert.assertThat(MatcherAssert.java:20)
	at com.cybernostics.jsp2thymeleaf.JSP2ThymeleafHappyCaseTest.JSPToThymeleafShouldConvert(JSP2ThymeleafHappyCaseTest.java:72)
	at java.base/jdk.internal.reflect.DirectMethodHandleAccessor.invoke(DirectMethodHandleAccessor.java:103)
	at java.base/java.lang.reflect.Method.invoke(Method.java:580)
	at org.junit.runners.model.FrameworkMethod$1.runReflectiveCall(FrameworkMethod.java:50)
	at org.junit.internal.runners.model.ReflectiveCallable.run(ReflectiveCallable.java:12)
	at org.junit.runners.model.FrameworkMethod.invokeExplosively(FrameworkMethod.java:47)
	at org.junit.internal.runners.statements.InvokeMethod.evaluate(InvokeMethod.java:17)
	at org.junit.internal.runners.statements.RunAfters.evaluate(RunAfters.java:27)
	at org.junit.runners.ParentRunner.runLeaf(ParentRunner.java:325)
	at org.junit.runners.BlockJUnit4ClassRunner.runChild(BlockJUnit4ClassRunner.java:78)
	at org.junit.runners.BlockJUnit4ClassRunner.runChild(BlockJUnit4ClassRunner.java:57)
	at org.junit.runners.ParentRunner$3.run(ParentRunner.java:290)
	at org.junit.runners.ParentRunner$1.schedule(ParentRunner.java:71)
	at org.junit.runners.ParentRunner.runChildren(ParentRunner.java:288)
	at org.junit.runners.ParentRunner.access$000(ParentRunner.java:58)
	at org.junit.runners.ParentRunner$2.evaluate(ParentRunner.java:268)
	at org.junit.runners.ParentRunner.run(ParentRunner.java:363)
	at org.junit.runners.Suite.runChild(Suite.java:128)
	at org.junit.runners.Suite.runChild(Suite.java:27)
	at org.junit.runners.ParentRunner$3.run(ParentRunner.java:290)
	at org.junit.runners.ParentRunner$1.schedule(ParentRunner.java:71)
	at org.junit.runners.ParentRunner.runChildren(ParentRunner.java:288)
	at org.junit.runners.ParentRunner.access$000(ParentRunner.java:58)
	at org.junit.runners.ParentRunner$2.evaluate(ParentRunner.java:268)
	at org.junit.runners.ParentRunner.run(ParentRunner.java:363)
	at org.apache.maven.surefire.junit4.JUnit4Provider.execute(JUnit4Provider.java:316)
	at org.apache.maven.surefire.junit4.JUnit4Provider.executeWithRerun(JUnit4Provider.java:240)
	at org.apache.maven.surefire.junit4.JUnit4Provider.executeTestSet(JUnit4Provider.java:214)
	at org.apache.maven.surefire.junit4.JUnit4Provider.invoke(JUnit4Provider.java:155)
	at org.apache.maven.surefire.booter.ForkedBooter.runSuitesInProcess(ForkedBooter.java:385)
	at org.apache.maven.surefire.booter.ForkedBooter.execute(ForkedBooter.java:162)
	at org.apache.maven.surefire.booter.ForkedBooter.run(ForkedBooter.java:507)
	at org.apache.maven.surefire.booter.ForkedBooter.main(ForkedBooter.java:495)

com.cybernostics.jsp2thymeleaf.JSP2ThymeleafHappyCaseTest.JSPToThymeleafShouldConvert[08_choose.jsp] -- Time elapsed: 0.125 s <<< FAILURE!
java.lang.AssertionError: 
08_choose.html:

Expected: is "<!DOCTYPE html SYSTEM \"http://thymeleaf.org/dtd/xhtml-strict-thymeleaf.dtd\"> <html xmlns=\"http://www.w3.org/1999/xhtml\" xmlns:th=\"http://www.thymeleaf.org\"> <head> <title>Thymeleaf Fragment Definition</title> </head> <body> <th:block th:fragment=\"content\"> <h3>Choose/When</h3> <pre>&lt;c:choose&gt; &lt;c:when test=\"\${false}\"&gt;Should not contain this as the test is false.&lt;/c:when&gt; &lt;c:when test=\"\${true}\"&gt;Should contain this as the test is true.&lt;/c:when&gt; &lt;c:otherwise&gt;Shouldn't contain this as the previous condition matched&lt;/c:otherwise&gt; &lt;/c:choose&gt;</pre> <span th:choose=\"\"> <span th:when=\"${false}\">Should not contain this as the test is false.</span> <span th:when=\"${true}\">Should contain this as the test is true.</span> <span th:otherwise=\"\">Shouldn't contain this as the previous condition matched</span> </span> </th:block> </body> </html>"
     but: was "<!DOCTYPE html SYSTEM \"http://thymeleaf.org/dtd/xhtml-strict-thymeleaf.dtd\"> <html xmlns=\"http://www.w3.org/1999/xhtml\" xmlns:th=\"http://www.thymeleaf.org\"> <head> <title>Thymeleaf Fragment Definition</title> </head> <body> <th:block th:fragment=\"content\"> <h3>Choose/When</h3> <pre>&lt;c:choose&gt;&#xD; &lt;c:when test=\"\${false}\"&gt;Should not contain this as the test is false.&lt;/c:when&gt;&#xD; &lt;c:when test=\"\${true}\"&gt;Should contain this as the test is true.&lt;/c:when&gt;&#xD; &lt;c:otherwise&gt;Shouldn't contain this as the previous condition matched&lt;/c:otherwise&gt;&#xD; &lt;/c:choose&gt;</pre> <span th:choose=\"\"> <span th:when=\"${false}\">Should not contain this as the test is false.</span> <span th:when=\"${true}\">Should contain this as the test is true.</span> <span th:otherwise=\"\">Shouldn't contain this as the previous condition matched</span> </span> </th:block> </body> </html>"
	at org.hamcrest.MatcherAssert.assertThat(MatcherAssert.java:20)
	at com.cybernostics.jsp2thymeleaf.JSP2ThymeleafHappyCaseTest.JSPToThymeleafShouldConvert(JSP2ThymeleafHappyCaseTest.java:72)
	at java.base/jdk.internal.reflect.DirectMethodHandleAccessor.invoke(DirectMethodHandleAccessor.java:103)
	at java.base/java.lang.reflect.Method.invoke(Method.java:580)
	at org.junit.runners.model.FrameworkMethod$1.runReflectiveCall(FrameworkMethod.java:50)
	at org.junit.internal.runners.model.ReflectiveCallable.run(ReflectiveCallable.java:12)
	at org.junit.runners.model.FrameworkMethod.invokeExplosively(FrameworkMethod.java:47)
	at org.junit.internal.runners.statements.InvokeMethod.evaluate(InvokeMethod.java:17)
	at org.junit.internal.runners.statements.RunAfters.evaluate(RunAfters.java:27)
	at org.junit.runners.ParentRunner.runLeaf(ParentRunner.java:325)
	at org.junit.runners.BlockJUnit4ClassRunner.runChild(BlockJUnit4ClassRunner.java:78)
	at org.junit.runners.BlockJUnit4ClassRunner.runChild(BlockJUnit4ClassRunner.java:57)
	at org.junit.runners.ParentRunner$3.run(ParentRunner.java:290)
	at org.junit.runners.ParentRunner$1.schedule(ParentRunner.java:71)
	at org.junit.runners.ParentRunner.runChildren(ParentRunner.java:288)
	at org.junit.runners.ParentRunner.access$000(ParentRunner.java:58)
	at org.junit.runners.ParentRunner$2.evaluate(ParentRunner.java:268)
	at org.junit.runners.ParentRunner.run(ParentRunner.java:363)
	at org.junit.runners.Suite.runChild(Suite.java:128)
	at org.junit.runners.Suite.runChild(Suite.java:27)
	at org.junit.runners.ParentRunner$3.run(ParentRunner.java:290)
	at org.junit.runners.ParentRunner$1.schedule(ParentRunner.java:71)
	at org.junit.runners.ParentRunner.runChildren(ParentRunner.java:288)
	at org.junit.runners.ParentRunner.access$000(ParentRunner.java:58)
	at org.junit.runners.ParentRunner$2.evaluate(ParentRunner.java:268)
	at org.junit.runners.ParentRunner.run(ParentRunner.java:363)
	at org.apache.maven.surefire.junit4.JUnit4Provider.execute(JUnit4Provider.java:316)
	at org.apache.maven.surefire.junit4.JUnit4Provider.executeWithRerun(JUnit4Provider.java:240)
	at org.apache.maven.surefire.junit4.JUnit4Provider.executeTestSet(JUnit4Provider.java:214)
	at org.apache.maven.surefire.junit4.JUnit4Provider.invoke(JUnit4Provider.java:155)
	at org.apache.maven.surefire.booter.ForkedBooter.runSuitesInProcess(ForkedBooter.java:385)
	at org.apache.maven.surefire.booter.ForkedBooter.execute(ForkedBooter.java:162)
	at org.apache.maven.surefire.booter.ForkedBooter.run(ForkedBooter.java:507)
	at org.apache.maven.surefire.booter.ForkedBooter.main(ForkedBooter.java:495)

com.cybernostics.jsp2thymeleaf.JSP2ThymeleafHappyCaseTest.JSPToThymeleafShouldConvert[10_javascript.jsp] -- Time elapsed: 0.130 s <<< FAILURE!
java.lang.AssertionError: 
10_javascript.html:

Expected: is "<!DOCTYPE html SYSTEM \"http://thymeleaf.org/dtd/xhtml-strict-thymeleaf.dtd\"> <html xmlns=\"http://www.w3.org/1999/xhtml\" xmlns:th=\"http://www.thymeleaf.org\"> <head> <title>Thymeleaf Fragment Definition</title> </head> <body> <span th:fragment=\"content\"> <script>function doSomething(){ var someVar=\"<th:block th:text=\"${someVar}\">SomeVar</th:block>\"; var someOtherVar = [\"<th:block th:text=\"${valueHere}\" />\"]; } </script> </span> </body> </html>"
     but: was "<!DOCTYPE html SYSTEM \"http://thymeleaf.org/dtd/xhtml-strict-thymeleaf.dtd\"> <html xmlns=\"http://www.w3.org/1999/xhtml\" xmlns:th=\"http://www.thymeleaf.org\"> <head> <title>Thymeleaf Fragment Definition</title> </head> <body> <span th:fragment=\"content\"> <script>function doSomething(){&#xD; var someVar=\"<th:block th:text=\"${someVar}\">SomeVar</th:block>\";&#xD; var someOtherVar = [\"<th:block th:text=\"${valueHere}\" />\"];&#xD; } </script> </span> </body> </html>"
	at org.hamcrest.MatcherAssert.assertThat(MatcherAssert.java:20)
	at com.cybernostics.jsp2thymeleaf.JSP2ThymeleafHappyCaseTest.JSPToThymeleafShouldConvert(JSP2ThymeleafHappyCaseTest.java:72)
	at java.base/jdk.internal.reflect.DirectMethodHandleAccessor.invoke(DirectMethodHandleAccessor.java:103)
	at java.base/java.lang.reflect.Method.invoke(Method.java:580)
	at org.junit.runners.model.FrameworkMethod$1.runReflectiveCall(FrameworkMethod.java:50)
	at org.junit.internal.runners.model.ReflectiveCallable.run(ReflectiveCallable.java:12)
	at org.junit.runners.model.FrameworkMethod.invokeExplosively(FrameworkMethod.java:47)
	at org.junit.internal.runners.statements.InvokeMethod.evaluate(InvokeMethod.java:17)
	at org.junit.internal.runners.statements.RunAfters.evaluate(RunAfters.java:27)
	at org.junit.runners.ParentRunner.runLeaf(ParentRunner.java:325)
	at org.junit.runners.BlockJUnit4ClassRunner.runChild(BlockJUnit4ClassRunner.java:78)
	at org.junit.runners.BlockJUnit4ClassRunner.runChild(BlockJUnit4ClassRunner.java:57)
	at org.junit.runners.ParentRunner$3.run(ParentRunner.java:290)
	at org.junit.runners.ParentRunner$1.schedule(ParentRunner.java:71)
	at org.junit.runners.ParentRunner.runChildren(ParentRunner.java:288)
	at org.junit.runners.ParentRunner.access$000(ParentRunner.java:58)
	at org.junit.runners.ParentRunner$2.evaluate(ParentRunner.java:268)
	at org.junit.runners.ParentRunner.run(ParentRunner.java:363)
	at org.junit.runners.Suite.runChild(Suite.java:128)
	at org.junit.runners.Suite.runChild(Suite.java:27)
	at org.junit.runners.ParentRunner$3.run(ParentRunner.java:290)
	at org.junit.runners.ParentRunner$1.schedule(ParentRunner.java:71)
	at org.junit.runners.ParentRunner.runChildren(ParentRunner.java:288)
	at org.junit.runners.ParentRunner.access$000(ParentRunner.java:58)
	at org.junit.runners.ParentRunner$2.evaluate(ParentRunner.java:268)
	at org.junit.runners.ParentRunner.run(ParentRunner.java:363)
	at org.apache.maven.surefire.junit4.JUnit4Provider.execute(JUnit4Provider.java:316)
	at org.apache.maven.surefire.junit4.JUnit4Provider.executeWithRerun(JUnit4Provider.java:240)
	at org.apache.maven.surefire.junit4.JUnit4Provider.executeTestSet(JUnit4Provider.java:214)
	at org.apache.maven.surefire.junit4.JUnit4Provider.invoke(JUnit4Provider.java:155)
	at org.apache.maven.surefire.booter.ForkedBooter.runSuitesInProcess(ForkedBooter.java:385)
	at org.apache.maven.surefire.booter.ForkedBooter.execute(ForkedBooter.java:162)
	at org.apache.maven.surefire.booter.ForkedBooter.run(ForkedBooter.java:507)
	at org.apache.maven.surefire.booter.ForkedBooter.main(ForkedBooter.java:495)

com.cybernostics.jsp2thymeleaf.JSP2ThymeleafHappyCaseTest.JSPToThymeleafShouldConvert[11_scriptlet.jsp] -- Time elapsed: 0.121 s <<< ERROR!
org.jdom2.IllegalAddException: Cannot add a second root element, only one is allowed
	at org.jdom2.Document.canContainContent(Document.java:799)
	at org.jdom2.ContentList.add(ContentList.java:246)
	at org.jdom2.ContentList.addAll(ContentList.java:306)
	at org.jdom2.ContentList.addAll(ContentList.java:272)
	at org.jdom2.Document.addContent(Document.java:337)
	at com.cybernostics.jsp2thymeleaf.parser.JSP2ThymeleafTransformerListener.addContent(JSP2ThymeleafTransformerListener.java:392)
	at com.cybernostics.jsp2thymeleaf.parser.JSP2ThymeleafTransformerListener.addContent(JSP2ThymeleafTransformerListener.java:375)
	at com.cybernostics.jsp2thymeleaf.parser.JSP2ThymeleafTransformerListener.enterHtmlChardata(JSP2ThymeleafTransformerListener.java:170)
	at com.cybernostics.jsp.parser.JSPParser$HtmlChardataContext.enterRule(JSPParser.java:1067)
	at org.antlr.v4.runtime.tree.ParseTreeWalker.enterRule(ParseTreeWalker.java:66)
	at org.antlr.v4.runtime.tree.ParseTreeWalker.walk(ParseTreeWalker.java:49)
	at org.antlr.v4.runtime.tree.ParseTreeWalker.walk(ParseTreeWalker.java:52)
	at org.antlr.v4.runtime.tree.ParseTreeWalker.walk(ParseTreeWalker.java:52)
	at org.antlr.v4.runtime.tree.ParseTreeWalker.walk(ParseTreeWalker.java:52)
	at com.cybernostics.jsp2thymeleaf.converters.JSP2ThymeleafFileConverter.convert(JSP2ThymeleafFileConverter.java:64)
	at com.cybernostics.jsp2thymeleaf.JSP2ThymeleafHappyCaseTest.JSPToThymeleafShouldConvert(JSP2ThymeleafHappyCaseTest.java:68)
	at java.base/jdk.internal.reflect.DirectMethodHandleAccessor.invoke(DirectMethodHandleAccessor.java:103)
	at java.base/java.lang.reflect.Method.invoke(Method.java:580)
	at org.junit.runners.model.FrameworkMethod$1.runReflectiveCall(FrameworkMethod.java:50)
	at org.junit.internal.runners.model.ReflectiveCallable.run(ReflectiveCallable.java:12)
	at org.junit.runners.model.FrameworkMethod.invokeExplosively(FrameworkMethod.java:47)
	at org.junit.internal.runners.statements.InvokeMethod.evaluate(InvokeMethod.java:17)
	at org.junit.internal.runners.statements.RunAfters.evaluate(RunAfters.java:27)
	at org.junit.runners.ParentRunner.runLeaf(ParentRunner.java:325)
	at org.junit.runners.BlockJUnit4ClassRunner.runChild(BlockJUnit4ClassRunner.java:78)
	at org.junit.runners.BlockJUnit4ClassRunner.runChild(BlockJUnit4ClassRunner.java:57)
	at org.junit.runners.ParentRunner$3.run(ParentRunner.java:290)
	at org.junit.runners.ParentRunner$1.schedule(ParentRunner.java:71)
	at org.junit.runners.ParentRunner.runChildren(ParentRunner.java:288)
	at org.junit.runners.ParentRunner.access$000(ParentRunner.java:58)
	at org.junit.runners.ParentRunner$2.evaluate(ParentRunner.java:268)
	at org.junit.runners.ParentRunner.run(ParentRunner.java:363)
	at org.junit.runners.Suite.runChild(Suite.java:128)
	at org.junit.runners.Suite.runChild(Suite.java:27)
	at org.junit.runners.ParentRunner$3.run(ParentRunner.java:290)
	at org.junit.runners.ParentRunner$1.schedule(ParentRunner.java:71)
	at org.junit.runners.ParentRunner.runChildren(ParentRunner.java:288)
	at org.junit.runners.ParentRunner.access$000(ParentRunner.java:58)
	at org.junit.runners.ParentRunner$2.evaluate(ParentRunner.java:268)
	at org.junit.runners.ParentRunner.run(ParentRunner.java:363)
	at org.apache.maven.surefire.junit4.JUnit4Provider.execute(JUnit4Provider.java:316)
	at org.apache.maven.surefire.junit4.JUnit4Provider.executeWithRerun(JUnit4Provider.java:240)
	at org.apache.maven.surefire.junit4.JUnit4Provider.executeTestSet(JUnit4Provider.java:214)
	at org.apache.maven.surefire.junit4.JUnit4Provider.invoke(JUnit4Provider.java:155)
	at org.apache.maven.surefire.booter.ForkedBooter.runSuitesInProcess(ForkedBooter.java:385)
	at org.apache.maven.surefire.booter.ForkedBooter.execute(ForkedBooter.java:162)
	at org.apache.maven.surefire.booter.ForkedBooter.run(ForkedBooter.java:507)
	at org.apache.maven.surefire.booter.ForkedBooter.main(ForkedBooter.java:495)

