-------------------------------------------------------------------------------
Test set: com.cybernostics.jsp2thymeleaf.plugins.JavaConverterRegistrationTest
-------------------------------------------------------------------------------
Tests run: 2, Failures: 0, Errors: 1, Skipped: 0, Time elapsed: 0.742 s <<< FAILURE! -- in com.cybernostics.jsp2thymeleaf.plugins.JavaConverterRegistrationTest
com.cybernostics.jsp2thymeleaf.plugins.JavaConverterRegistrationTest.shouldRegisterGroovyTaglibConverter -- Time elapsed: 0.524 s <<< ERROR!
java.lang.ExceptionInInitializerError
	at org.codehaus.groovy.runtime.InvokerHelper.<clinit>(InvokerHelper.java:49)
	at groovy.lang.GroovyObjectSupport.<init>(GroovyObjectSupport.java:32)
	at groovy.lang.Binding.<init>(Binding.java:34)
	at groovy.lang.GroovyShell.<init>(GroovyShell.java:82)
	at com.cybernostics.jsp2thymeleaf.converters.ConverterScanner.executeScript(ConverterScanner.java:141)
	at java.base/java.util.stream.ForEachOps$ForEachOp$OfRef.accept(ForEachOps.java:184)
	at java.base/java.util.stream.ReferencePipeline$2$1.accept(ReferencePipeline.java:179)
	at java.base/java.util.stream.ReferencePipeline$3$1.accept(ReferencePipeline.java:197)
	at java.base/java.util.Spliterators$ArraySpliterator.forEachRemaining(Spliterators.java:1024)
	at java.base/java.util.stream.AbstractPipeline.copyInto(AbstractPipeline.java:509)
	at java.base/java.util.stream.AbstractPipeline.wrapAndCopyInto(AbstractPipeline.java:499)
	at java.base/java.util.stream.ForEachOps$ForEachOp.evaluateSequential(ForEachOps.java:151)
	at java.base/java.util.stream.ForEachOps$ForEachOp$OfRef.evaluateSequential(ForEachOps.java:174)
	at java.base/java.util.stream.AbstractPipeline.evaluate(AbstractPipeline.java:234)
	at java.base/java.util.stream.ReferencePipeline.forEach(ReferencePipeline.java:596)
	at com.cybernostics.jsp2thymeleaf.converters.ConverterScanner.executeScript(ConverterScanner.java:134)
	at java.base/java.util.stream.ForEachOps$ForEachOp$OfRef.accept(ForEachOps.java:184)
	at java.base/java.util.stream.ReferencePipeline$2$1.accept(ReferencePipeline.java:179)
	at java.base/java.util.stream.ReferencePipeline$3$1.accept(ReferencePipeline.java:197)
	at java.base/java.util.Spliterators$ArraySpliterator.forEachRemaining(Spliterators.java:1024)
	at java.base/java.util.stream.AbstractPipeline.copyInto(AbstractPipeline.java:509)
	at java.base/java.util.stream.AbstractPipeline.wrapAndCopyInto(AbstractPipeline.java:499)
	at java.base/java.util.stream.ForEachOps$ForEachOp.evaluateSequential(ForEachOps.java:151)
	at java.base/java.util.stream.ForEachOps$ForEachOp$OfRef.evaluateSequential(ForEachOps.java:174)
	at java.base/java.util.stream.AbstractPipeline.evaluate(AbstractPipeline.java:234)
	at java.base/java.util.stream.ReferencePipeline.forEach(ReferencePipeline.java:596)
	at com.cybernostics.jsp2thymeleaf.converters.ConverterScanner.executeScript(ConverterScanner.java:134)
	at com.cybernostics.jsp2thymeleaf.converters.ConverterScanner.lambda$registerConvertersFromScripts$2(ConverterScanner.java:120)
	at java.base/java.util.ArrayList.forEach(ArrayList.java:1596)
	at com.cybernostics.jsp2thymeleaf.converters.ConverterScanner.registerConvertersFromScripts(ConverterScanner.java:120)
	at com.cybernostics.jsp2thymeleaf.converters.ConverterScanner.scanForConverters(ConverterScanner.java:44)
	at com.cybernostics.jsp2thymeleaf.plugins.JavaConverterRegistrationTest.shouldRegisterGroovyTaglibConverter(JavaConverterRegistrationTest.java:57)
	at java.base/jdk.internal.reflect.DirectMethodHandleAccessor.invoke(DirectMethodHandleAccessor.java:103)
	at java.base/java.lang.reflect.Method.invoke(Method.java:580)
	at org.junit.runners.model.FrameworkMethod$1.runReflectiveCall(FrameworkMethod.java:50)
	at org.junit.internal.runners.model.ReflectiveCallable.run(ReflectiveCallable.java:12)
	at org.junit.runners.model.FrameworkMethod.invokeExplosively(FrameworkMethod.java:47)
	at org.junit.internal.runners.statements.InvokeMethod.evaluate(InvokeMethod.java:17)
	at org.junit.internal.runners.statements.RunBefores.evaluate(RunBefores.java:26)
	at org.junit.runners.ParentRunner.runLeaf(ParentRunner.java:325)
	at org.junit.runners.BlockJUnit4ClassRunner.runChild(BlockJUnit4ClassRunner.java:78)
	at org.junit.runners.BlockJUnit4ClassRunner.runChild(BlockJUnit4ClassRunner.java:57)
	at org.junit.runners.ParentRunner$3.run(ParentRunner.java:290)
	at org.junit.runners.ParentRunner$1.schedule(ParentRunner.java:71)
	at org.junit.runners.ParentRunner.runChildren(ParentRunner.java:288)
	at org.junit.runners.ParentRunner.access$000(ParentRunner.java:58)
	at org.junit.runners.ParentRunner$2.evaluate(ParentRunner.java:268)
	at org.junit.runners.ParentRunner.run(ParentRunner.java:363)
	at org.apache.maven.surefire.junit4.JUnit4Provider.execute(JUnit4Provider.java:316)
	at org.apache.maven.surefire.junit4.JUnit4Provider.executeWithRerun(JUnit4Provider.java:240)
	at org.apache.maven.surefire.junit4.JUnit4Provider.executeTestSet(JUnit4Provider.java:214)
	at org.apache.maven.surefire.junit4.JUnit4Provider.invoke(JUnit4Provider.java:155)
	at org.apache.maven.surefire.booter.ForkedBooter.runSuitesInProcess(ForkedBooter.java:385)
	at org.apache.maven.surefire.booter.ForkedBooter.execute(ForkedBooter.java:162)
	at org.apache.maven.surefire.booter.ForkedBooter.run(ForkedBooter.java:507)
	at org.apache.maven.surefire.booter.ForkedBooter.main(ForkedBooter.java:495)
Caused by: java.lang.reflect.InaccessibleObjectException: Unable to make protected void java.lang.Object.finalize() throws java.lang.Throwable accessible: module java.base does not "opens java.lang" to unnamed module @1753acfe
	at java.base/java.lang.reflect.AccessibleObject.throwInaccessibleObjectException(AccessibleObject.java:391)
	at java.base/java.lang.reflect.AccessibleObject.checkCanSetAccessible(AccessibleObject.java:367)
	at java.base/java.lang.reflect.AccessibleObject.checkCanSetAccessible(AccessibleObject.java:315)
	at java.base/java.lang.reflect.Method.checkCanSetAccessible(Method.java:203)
	at java.base/java.lang.reflect.AccessibleObject.setAccessible(AccessibleObject.java:131)
	at org.codehaus.groovy.reflection.CachedClass$3$1.run(CachedClass.java:86)
	at java.base/java.security.AccessController.doPrivileged(AccessController.java:319)
	at org.codehaus.groovy.reflection.CachedClass$3.initValue(CachedClass.java:81)
	at org.codehaus.groovy.reflection.CachedClass$3.initValue(CachedClass.java:79)
	at org.codehaus.groovy.util.LazyReference.getLocked(LazyReference.java:46)
	at org.codehaus.groovy.util.LazyReference.get(LazyReference.java:33)
	at org.codehaus.groovy.reflection.CachedClass.getMethods(CachedClass.java:250)
	at org.codehaus.groovy.reflection.CachedClass$3.initValue(CachedClass.java:116)
	at org.codehaus.groovy.reflection.CachedClass$3.initValue(CachedClass.java:79)
	at org.codehaus.groovy.util.LazyReference.getLocked(LazyReference.java:46)
	at org.codehaus.groovy.util.LazyReference.get(LazyReference.java:33)
	at org.codehaus.groovy.reflection.CachedClass.getMethods(CachedClass.java:250)
	at org.codehaus.groovy.reflection.CachedClass$3.initValue(CachedClass.java:116)
	at org.codehaus.groovy.reflection.CachedClass$3.initValue(CachedClass.java:79)
	at org.codehaus.groovy.util.LazyReference.getLocked(LazyReference.java:46)
	at org.codehaus.groovy.util.LazyReference.get(LazyReference.java:33)
	at org.codehaus.groovy.reflection.CachedClass.getMethods(CachedClass.java:250)
	at org.codehaus.groovy.runtime.metaclass.MetaClassRegistryImpl.registerMethods(MetaClassRegistryImpl.java:183)
	at org.codehaus.groovy.runtime.metaclass.MetaClassRegistryImpl.<init>(MetaClassRegistryImpl.java:91)
	at org.codehaus.groovy.runtime.metaclass.MetaClassRegistryImpl.<init>(MetaClassRegistryImpl.java:61)
	at groovy.lang.GroovySystem.<clinit>(GroovySystem.java:29)
	... 56 more

