-------------------------------------------------------------------------------
Test set: com.cybernostics.jsp2thymeleaf.JSP2ThymeleafErrorCaseTest
-------------------------------------------------------------------------------
Tests run: 2, Failures: 1, Errors: 0, Skipped: 0, Time elapsed: 0.455 s <<< FAILURE! -- in com.cybernostics.jsp2thymeleaf.JSP2ThymeleafErrorCaseTest
com.cybernostics.jsp2thymeleaf.JSP2ThymeleafErrorCaseTest.JSPToThymeleafShouldRaiseErrorFor[01_unknown_taglib_include.jsp] -- Time elapsed: 0.359 s <<< FAILURE!
java.lang.AssertionError: 

Expected: iterable containing [Exception with message:No converters for uri:"just doesn't exist". Add converter jars or scripts to classpath. C:Userselmehdi.taziDEVPFEjsp-thymeleaf-toolkitjsp2thymeleaftargettest-classeserror_case_files01_unknown_taglib_include.jsp (1,0), Exception with message:No taglib converter found for tag c:set. You need to add a converter lib C:Userselmehdi.taziDEVPFEjsp-thymeleaf-toolkitjsp2thymeleaftargettest-classeserror_case_files01_unknown_taglib_include.jsp (2,0)]
     but: item 0: No converters for uri:"just doesn't exist". Add converter jars or scripts to classpath. C:\Users\elmehdi.tazi\DEV\PFE\jsp-thymeleaf-toolkit\jsp2thymeleaf\target\test-classes\error_case_files\01_unknown_taglib_include.jsp (1,0)
	at org.hamcrest.MatcherAssert.assertThat(MatcherAssert.java:20)
	at org.hamcrest.MatcherAssert.assertThat(MatcherAssert.java:8)
	at com.cybernostics.jsp2thymeleaf.JSP2ThymeleafErrorCaseTest.JSPToThymeleafShouldRaiseErrorFor(JSP2ThymeleafErrorCaseTest.java:64)
	at java.base/jdk.internal.reflect.DirectMethodHandleAccessor.invoke(DirectMethodHandleAccessor.java:103)
	at java.base/java.lang.reflect.Method.invoke(Method.java:580)
	at org.junit.runners.model.FrameworkMethod$1.runReflectiveCall(FrameworkMethod.java:50)
	at org.junit.internal.runners.model.ReflectiveCallable.run(ReflectiveCallable.java:12)
	at org.junit.runners.model.FrameworkMethod.invokeExplosively(FrameworkMethod.java:47)
	at org.junit.internal.runners.statements.InvokeMethod.evaluate(InvokeMethod.java:17)
	at org.junit.runners.ParentRunner.runLeaf(ParentRunner.java:325)
	at org.junit.runners.BlockJUnit4ClassRunner.runChild(BlockJUnit4ClassRunner.java:78)
	at org.junit.runners.BlockJUnit4ClassRunner.runChild(BlockJUnit4ClassRunner.java:57)
	at org.junit.runners.ParentRunner$3.run(ParentRunner.java:290)
	at org.junit.runners.ParentRunner$1.schedule(ParentRunner.java:71)
	at org.junit.runners.ParentRunner.runChildren(ParentRunner.java:288)
	at org.junit.runners.ParentRunner.access$000(ParentRunner.java:58)
	at org.junit.runners.ParentRunner$2.evaluate(ParentRunner.java:268)
	at org.junit.runners.ParentRunner.run(ParentRunner.java:363)
	at org.junit.runners.Suite.runChild(Suite.java:128)
	at org.junit.runners.Suite.runChild(Suite.java:27)
	at org.junit.runners.ParentRunner$3.run(ParentRunner.java:290)
	at org.junit.runners.ParentRunner$1.schedule(ParentRunner.java:71)
	at org.junit.runners.ParentRunner.runChildren(ParentRunner.java:288)
	at org.junit.runners.ParentRunner.access$000(ParentRunner.java:58)
	at org.junit.runners.ParentRunner$2.evaluate(ParentRunner.java:268)
	at org.junit.runners.ParentRunner.run(ParentRunner.java:363)
	at org.apache.maven.surefire.junit4.JUnit4Provider.execute(JUnit4Provider.java:316)
	at org.apache.maven.surefire.junit4.JUnit4Provider.executeWithRerun(JUnit4Provider.java:240)
	at org.apache.maven.surefire.junit4.JUnit4Provider.executeTestSet(JUnit4Provider.java:214)
	at org.apache.maven.surefire.junit4.JUnit4Provider.invoke(JUnit4Provider.java:155)
	at org.apache.maven.surefire.booter.ForkedBooter.runSuitesInProcess(ForkedBooter.java:385)
	at org.apache.maven.surefire.booter.ForkedBooter.execute(ForkedBooter.java:162)
	at org.apache.maven.surefire.booter.ForkedBooter.run(ForkedBooter.java:507)
	at org.apache.maven.surefire.booter.ForkedBooter.main(ForkedBooter.java:495)

