<?xml version="1.0" encoding="UTF-8"?>
<testsuite xmlns:xsi="http://www.w3.org/2001/XMLSchema-instance" xsi:noNamespaceSchemaLocation="https://maven.apache.org/surefire/maven-surefire-plugin/xsd/surefire-test-report-3.0.xsd" version="3.0" name="com.cybernostics.jsp2thymeleaf.JSP2ThymeleafHappyCaseTest" time="1.688" tests="11" errors="2" skipped="0" failures="4">
  <properties>
[...]
</properties>
  <testcase name="JSPToThymeleafShouldConvert[01_clean_html.jsp]" classname="com.cybernostics.jsp2thymeleaf.JSP2ThymeleafHappyCaseTest" time="0.197">
    <error message="Cannot add a second root element, only one is allowed" type="org.jdom2.IllegalAddException"><![CDATA[org.jdom2.IllegalAddException: Cannot add a second root element, only one is allowed
	at org.jdom2.Document.canContainContent(Document.java:799)
	at org.jdom2.ContentList.add(ContentList.java:246)
	at org.jdom2.ContentList.addAll(ContentList.java:306)
	at org.jdom2.ContentList.addAll(ContentList.java:272)
	at org.jdom2.Document.addContent(Document.java:337)
	at com.cybernostics.jsp2thymeleaf.parser.JSP2ThymeleafTransformerListener.addContent(JSP2ThymeleafTransformerListener.java:392)
	at com.cybernostics.jsp2thymeleaf.parser.JSP2ThymeleafTransformerListener.addContent(JSP2ThymeleafTransformerListener.java:375)
	at com.cybernostics.jsp2thymeleaf.parser.JSP2ThymeleafTransformerListener.enterHtmlChardata(JSP2ThymeleafTransformerListener.java:170)
	at com.cybernostics.jsp.parser.JSPParser$HtmlChardataContext.enterRule(JSPParser.java:1067)
	at org.antlr.v4.runtime.tree.ParseTreeWalker.enterRule(ParseTreeWalker.java:66)
	at org.antlr.v4.runtime.tree.ParseTreeWalker.walk(ParseTreeWalker.java:49)
	at org.antlr.v4.runtime.tree.ParseTreeWalker.walk(ParseTreeWalker.java:52)
	at org.antlr.v4.runtime.tree.ParseTreeWalker.walk(ParseTreeWalker.java:52)
	at org.antlr.v4.runtime.tree.ParseTreeWalker.walk(ParseTreeWalker.java:52)
	at com.cybernostics.jsp2thymeleaf.converters.JSP2ThymeleafFileConverter.convert(JSP2ThymeleafFileConverter.java:64)
	at com.cybernostics.jsp2thymeleaf.JSP2ThymeleafHappyCaseTest.JSPToThymeleafShouldConvert(JSP2ThymeleafHappyCaseTest.java:68)
	at java.base/jdk.internal.reflect.DirectMethodHandleAccessor.invoke(DirectMethodHandleAccessor.java:103)
	at java.base/java.lang.reflect.Method.invoke(Method.java:580)
	at org.junit.runners.model.FrameworkMethod$1.runReflectiveCall(FrameworkMethod.java:50)
	at org.junit.internal.runners.model.ReflectiveCallable.run(ReflectiveCallable.java:12)
	at org.junit.runners.model.FrameworkMethod.invokeExplosively(FrameworkMethod.java:47)
	at org.junit.internal.runners.statements.InvokeMethod.evaluate(InvokeMethod.java:17)
	at org.junit.internal.runners.statements.RunAfters.evaluate(RunAfters.java:27)
	at org.junit.runners.ParentRunner.runLeaf(ParentRunner.java:325)
	at org.junit.runners.BlockJUnit4ClassRunner.runChild(BlockJUnit4ClassRunner.java:78)
	at org.junit.runners.BlockJUnit4ClassRunner.runChild(BlockJUnit4ClassRunner.java:57)
	at org.junit.runners.ParentRunner$3.run(ParentRunner.java:290)
	at org.junit.runners.ParentRunner$1.schedule(ParentRunner.java:71)
	at org.junit.runners.ParentRunner.runChildren(ParentRunner.java:288)
	at org.junit.runners.ParentRunner.access$000(ParentRunner.java:58)
	at org.junit.runners.ParentRunner$2.evaluate(ParentRunner.java:268)
	at org.junit.runners.ParentRunner.run(ParentRunner.java:363)
	at org.junit.runners.Suite.runChild(Suite.java:128)
	at org.junit.runners.Suite.runChild(Suite.java:27)
	at org.junit.runners.ParentRunner$3.run(ParentRunner.java:290)
	at org.junit.runners.ParentRunner$1.schedule(ParentRunner.java:71)
	at org.junit.runners.ParentRunner.runChildren(ParentRunner.java:288)
	at org.junit.runners.ParentRunner.access$000(ParentRunner.java:58)
	at org.junit.runners.ParentRunner$2.evaluate(ParentRunner.java:268)
	at org.junit.runners.ParentRunner.run(ParentRunner.java:363)
	at org.apache.maven.surefire.junit4.JUnit4Provider.execute(JUnit4Provider.java:316)
	at org.apache.maven.surefire.junit4.JUnit4Provider.executeWithRerun(JUnit4Provider.java:240)
	at org.apache.maven.surefire.junit4.JUnit4Provider.executeTestSet(JUnit4Provider.java:214)
	at org.apache.maven.surefire.junit4.JUnit4Provider.invoke(JUnit4Provider.java:155)
	at org.apache.maven.surefire.booter.ForkedBooter.runSuitesInProcess(ForkedBooter.java:385)
	at org.apache.maven.surefire.booter.ForkedBooter.execute(ForkedBooter.java:162)
	at org.apache.maven.surefire.booter.ForkedBooter.run(ForkedBooter.java:507)
	at org.apache.maven.surefire.booter.ForkedBooter.main(ForkedBooter.java:495)
]]></error>
  </testcase>
  <testcase name="JSPToThymeleafShouldConvert[02_cout.jsp]" classname="com.cybernostics.jsp2thymeleaf.JSP2ThymeleafHappyCaseTest" time="0.189">
    <system-err><![CDATA[mai 03, 2025 8:34:30 P.M. com.cybernostics.jsp2thymeleaf.converters.JSP2ThymeleafFileConverter convert
INFOS: JSP2Thymeleaf wrote:C:\Users\ELMEHD~1.TAZ\AppData\Local\Temp\happyCaseTest456090686644591470.html
mai 03, 2025 8:34:30 P.M. com.cybernostics.jsp2thymeleaf.JSP2ThymeleafHappyCaseTest JSPToThymeleafShouldConvert
INFOS: 
<!DOCTYPE html SYSTEM "http://thymeleaf.org/dtd/xhtml-strict-thymeleaf.dtd">
<html xmlns="http://www.w3.org/1999/xhtml" xmlns:th="http://www.thymeleaf.org">
  <head>
    <title>Thymeleaf Fragment Definition</title>
  </head>
  <body>
    <span th:fragment="content">
      <span th:text="${param.name}">ParamName</span>
      <input th:value="${param.name}" />
    </span>
  </body>
</html>

]]></system-err>
  </testcase>
  <testcase name="JSPToThymeleafShouldConvert[03_cif.jsp]" classname="com.cybernostics.jsp2thymeleaf.JSP2ThymeleafHappyCaseTest" time="0.236">
    <system-err><![CDATA[mai 03, 2025 8:34:30 P.M. com.cybernostics.jsp2thymeleaf.converters.JSP2ThymeleafFileConverter convert
INFOS: JSP2Thymeleaf wrote:C:\Users\ELMEHD~1.TAZ\AppData\Local\Temp\happyCaseTest10991487284364009899.html
mai 03, 2025 8:34:30 P.M. com.cybernostics.jsp2thymeleaf.JSP2ThymeleafHappyCaseTest JSPToThymeleafShouldConvert
INFOS: 
<!DOCTYPE html SYSTEM "http://thymeleaf.org/dtd/xhtml-strict-thymeleaf.dtd">
<html xmlns="http://www.w3.org/1999/xhtml" xmlns:th="http://www.thymeleaf.org">
  <head>
    <title>Thymeleaf Fragment Definition</title>
  </head>
  <body>
    <span th:fragment="content">
      <span th:if="${!param.amount}" id="barry">Some text here</span>
      <span th:if="${#strings.contains(name,searchString)}">Boo</span>
    </span>
  </body>
</html>

]]></system-err>
  </testcase>
  <testcase name="JSPToThymeleafShouldConvert[04_foreach.jsp]" classname="com.cybernostics.jsp2thymeleaf.JSP2ThymeleafHappyCaseTest" time="0.147">
    <system-err><![CDATA[mai 03, 2025 8:34:31 P.M. com.cybernostics.jsp2thymeleaf.converters.JSP2ThymeleafFileConverter convert
INFOS: JSP2Thymeleaf wrote:C:\Users\ELMEHD~1.TAZ\AppData\Local\Temp\happyCaseTest11311825049824756715.html
mai 03, 2025 8:34:31 P.M. com.cybernostics.jsp2thymeleaf.JSP2ThymeleafHappyCaseTest JSPToThymeleafShouldConvert
INFOS: 
<!DOCTYPE html SYSTEM "http://thymeleaf.org/dtd/xhtml-strict-thymeleaf.dtd">
<html xmlns="http://www.w3.org/1999/xhtml" xmlns:th="http://www.thymeleaf.org">
  <head>
    <title>Thymeleaf Fragment Definition</title>
  </head>
  <body>
    <span th:fragment="content">
      <span th:each="anItem,statusVar : ${itemlist}">First Form here</span>
      <span th:each="anItem : ${itemlist}">Second Form here</span>
      <span th:each="anotherItem : ${#numbers.sequence(1,10,2)}">Third Form here</span>
      <span th:each="anotherItem : ${#numbers.sequence(1,10)}">Fourth Form here</span>
      <span th:each="anotherItem,statusVar : ${#numbers.sequence(1,10,2)}">Fifth Form here</span>
    </span>
  </body>
</html>

]]></system-err>
  </testcase>
  <testcase name="JSPToThymeleafShouldConvert[05_cset.jsp]" classname="com.cybernostics.jsp2thymeleaf.JSP2ThymeleafHappyCaseTest" time="0.154">
    <system-err><![CDATA[mai 03, 2025 8:34:31 P.M. com.cybernostics.jsp2thymeleaf.converters.JSP2ThymeleafFileConverter convert
INFOS: JSP2Thymeleaf wrote:C:\Users\ELMEHD~1.TAZ\AppData\Local\Temp\happyCaseTest2244491718634104664.html
mai 03, 2025 8:34:31 P.M. com.cybernostics.jsp2thymeleaf.JSP2ThymeleafHappyCaseTest JSPToThymeleafShouldConvert
INFOS: 
<!DOCTYPE html SYSTEM "http://thymeleaf.org/dtd/xhtml-strict-thymeleaf.dtd">
<html xmlns="http://www.w3.org/1999/xhtml" xmlns:th="http://www.thymeleaf.org">
  <head>
    <title>Thymeleaf Fragment Definition</title>
  </head>
  <body>
    <span th:fragment="content">
      <th:span th:if="${sessionScope.put('salary',2000*2)}" />
      <th:span th:if="${pageScope.put('salary',2000*2)}" />
      <th:span th:if="${applicationScope.put('salary',2000*2)}" />
    </span>
  </body>
</html>

]]></system-err>
  </testcase>
  <testcase name="JSPToThymeleafShouldConvert[06_preformatted_data.jsp]" classname="com.cybernostics.jsp2thymeleaf.JSP2ThymeleafHappyCaseTest" time="0.091">
    <failure message="06_preformatted_data.html:&#10;&#10;Expected: is &quot;&lt;!DOCTYPE html SYSTEM \&quot;http://thymeleaf.org/dtd/xhtml-strict-thymeleaf.dtd\&quot;&gt; &lt;html xmlns=\&quot;http://www.w3.org/1999/xhtml\&quot; xmlns:th=\&quot;http://www.thymeleaf.org\&quot;&gt; &lt;head&gt; &lt;title&gt;Thymeleaf Fragment Definition&lt;/title&gt; &lt;/head&gt; &lt;body&gt; &lt;th:block th:fragment=\&quot;content\&quot;&gt; &lt;h3&gt;forEach - Form 1 (List iterator)&lt;/h3&gt; &lt;pre&gt;&amp;lt;c:forEach var=\&quot;item\&quot; items=\&quot;\${fn:splitTokens(&apos;red,green,blue&apos;)}\&quot; varStatus=\&quot;status\&quot;&amp;gt; This is item \${item}. Status is \${status.index}&amp;lt;br/&amp;gt; &amp;lt;/c:forEach&amp;gt;&lt;/pre&gt; &lt;span th:each=\&quot;item,status : ${#strings.split(\&quot;red,green,blue\&quot;)}\&quot;&gt; This is item &lt;span th:text=\&quot;${item}\&quot; /&gt; . Status is &lt;span th:text=\&quot;${status.index}\&quot; /&gt; &lt;br /&gt; &lt;/span&gt; &lt;/th:block&gt; &lt;/body&gt; &lt;/html&gt;&quot;&#10;     but: was &quot;&lt;!DOCTYPE html SYSTEM \&quot;http://thymeleaf.org/dtd/xhtml-strict-thymeleaf.dtd\&quot;&gt; &lt;html xmlns=\&quot;http://www.w3.org/1999/xhtml\&quot; xmlns:th=\&quot;http://www.thymeleaf.org\&quot;&gt; &lt;head&gt; &lt;title&gt;Thymeleaf Fragment Definition&lt;/title&gt; &lt;/head&gt; &lt;body&gt; &lt;th:block th:fragment=\&quot;content\&quot;&gt; &lt;h3&gt;forEach - Form 1 (List iterator)&lt;/h3&gt; &lt;pre&gt;&amp;lt;c:forEach var=\&quot;item\&quot; items=\&quot;\${fn:splitTokens(&apos;red,green,blue&apos;)}\&quot; varStatus=\&quot;status\&quot;&amp;gt;&amp;#xD; This is item \${item}. Status is \${status.index}&amp;lt;br/&amp;gt;&amp;#xD; &amp;lt;/c:forEach&amp;gt;&lt;/pre&gt; &lt;span th:each=\&quot;item,status : ${#strings.split(\&quot;red,green,blue\&quot;)}\&quot;&gt; This is item &lt;span th:text=\&quot;${item}\&quot; /&gt; . Status is &lt;span th:text=\&quot;${status.index}\&quot; /&gt; &lt;br /&gt; &lt;/span&gt; &lt;/th:block&gt; &lt;/body&gt; &lt;/html&gt;&quot;" type="java.lang.AssertionError"><![CDATA[java.lang.AssertionError: 
06_preformatted_data.html:

Expected: is "<!DOCTYPE html SYSTEM \"http://thymeleaf.org/dtd/xhtml-strict-thymeleaf.dtd\"> <html xmlns=\"http://www.w3.org/1999/xhtml\" xmlns:th=\"http://www.thymeleaf.org\"> <head> <title>Thymeleaf Fragment Definition</title> </head> <body> <th:block th:fragment=\"content\"> <h3>forEach - Form 1 (List iterator)</h3> <pre>&lt;c:forEach var=\"item\" items=\"\${fn:splitTokens('red,green,blue')}\" varStatus=\"status\"&gt; This is item \${item}. Status is \${status.index}&lt;br/&gt; &lt;/c:forEach&gt;</pre> <span th:each=\"item,status : ${#strings.split(\"red,green,blue\")}\"> This is item <span th:text=\"${item}\" /> . Status is <span th:text=\"${status.index}\" /> <br /> </span> </th:block> </body> </html>"
     but: was "<!DOCTYPE html SYSTEM \"http://thymeleaf.org/dtd/xhtml-strict-thymeleaf.dtd\"> <html xmlns=\"http://www.w3.org/1999/xhtml\" xmlns:th=\"http://www.thymeleaf.org\"> <head> <title>Thymeleaf Fragment Definition</title> </head> <body> <th:block th:fragment=\"content\"> <h3>forEach - Form 1 (List iterator)</h3> <pre>&lt;c:forEach var=\"item\" items=\"\${fn:splitTokens('red,green,blue')}\" varStatus=\"status\"&gt;&#xD; This is item \${item}. Status is \${status.index}&lt;br/&gt;&#xD; &lt;/c:forEach&gt;</pre> <span th:each=\"item,status : ${#strings.split(\"red,green,blue\")}\"> This is item <span th:text=\"${item}\" /> . Status is <span th:text=\"${status.index}\" /> <br /> </span> </th:block> </body> </html>"
	at org.hamcrest.MatcherAssert.assertThat(MatcherAssert.java:20)
	at com.cybernostics.jsp2thymeleaf.JSP2ThymeleafHappyCaseTest.JSPToThymeleafShouldConvert(JSP2ThymeleafHappyCaseTest.java:72)
	at java.base/jdk.internal.reflect.DirectMethodHandleAccessor.invoke(DirectMethodHandleAccessor.java:103)
	at java.base/java.lang.reflect.Method.invoke(Method.java:580)
	at org.junit.runners.model.FrameworkMethod$1.runReflectiveCall(FrameworkMethod.java:50)
	at org.junit.internal.runners.model.ReflectiveCallable.run(ReflectiveCallable.java:12)
	at org.junit.runners.model.FrameworkMethod.invokeExplosively(FrameworkMethod.java:47)
	at org.junit.internal.runners.statements.InvokeMethod.evaluate(InvokeMethod.java:17)
	at org.junit.internal.runners.statements.RunAfters.evaluate(RunAfters.java:27)
	at org.junit.runners.ParentRunner.runLeaf(ParentRunner.java:325)
	at org.junit.runners.BlockJUnit4ClassRunner.runChild(BlockJUnit4ClassRunner.java:78)
	at org.junit.runners.BlockJUnit4ClassRunner.runChild(BlockJUnit4ClassRunner.java:57)
	at org.junit.runners.ParentRunner$3.run(ParentRunner.java:290)
	at org.junit.runners.ParentRunner$1.schedule(ParentRunner.java:71)
	at org.junit.runners.ParentRunner.runChildren(ParentRunner.java:288)
	at org.junit.runners.ParentRunner.access$000(ParentRunner.java:58)
	at org.junit.runners.ParentRunner$2.evaluate(ParentRunner.java:268)
	at org.junit.runners.ParentRunner.run(ParentRunner.java:363)
	at org.junit.runners.Suite.runChild(Suite.java:128)
	at org.junit.runners.Suite.runChild(Suite.java:27)
	at org.junit.runners.ParentRunner$3.run(ParentRunner.java:290)
	at org.junit.runners.ParentRunner$1.schedule(ParentRunner.java:71)
	at org.junit.runners.ParentRunner.runChildren(ParentRunner.java:288)
	at org.junit.runners.ParentRunner.access$000(ParentRunner.java:58)
	at org.junit.runners.ParentRunner$2.evaluate(ParentRunner.java:268)
	at org.junit.runners.ParentRunner.run(ParentRunner.java:363)
	at org.apache.maven.surefire.junit4.JUnit4Provider.execute(JUnit4Provider.java:316)
	at org.apache.maven.surefire.junit4.JUnit4Provider.executeWithRerun(JUnit4Provider.java:240)
	at org.apache.maven.surefire.junit4.JUnit4Provider.executeTestSet(JUnit4Provider.java:214)
	at org.apache.maven.surefire.junit4.JUnit4Provider.invoke(JUnit4Provider.java:155)
	at org.apache.maven.surefire.booter.ForkedBooter.runSuitesInProcess(ForkedBooter.java:385)
	at org.apache.maven.surefire.booter.ForkedBooter.execute(ForkedBooter.java:162)
	at org.apache.maven.surefire.booter.ForkedBooter.run(ForkedBooter.java:507)
	at org.apache.maven.surefire.booter.ForkedBooter.main(ForkedBooter.java:495)
]]></failure>
    <system-err><![CDATA[mai 03, 2025 8:34:31 P.M. com.cybernostics.jsp2thymeleaf.converters.JSP2ThymeleafFileConverter convert
INFOS: JSP2Thymeleaf wrote:C:\Users\ELMEHD~1.TAZ\AppData\Local\Temp\happyCaseTest8947167768779451326.html
mai 03, 2025 8:34:31 P.M. com.cybernostics.jsp2thymeleaf.JSP2ThymeleafHappyCaseTest JSPToThymeleafShouldConvert
INFOS: 
<!DOCTYPE html SYSTEM "http://thymeleaf.org/dtd/xhtml-strict-thymeleaf.dtd">
<html xmlns="http://www.w3.org/1999/xhtml" xmlns:th="http://www.thymeleaf.org">
  <head>
    <title>Thymeleaf Fragment Definition</title>
  </head>
  <body>
    <th:block th:fragment="content">
      <h3>forEach - Form 1 (List iterator)</h3>
      <pre>&lt;c:forEach var="item" items="\${fn:splitTokens('red,green,blue')}" varStatus="status"&gt;&#xD;
This is item \${item}. Status is \${status.index}&lt;br/&gt;&#xD;
&lt;/c:forEach&gt;</pre>
      <span th:each="item,status : ${#strings.split("red,green,blue")}">
        This is item
        <span th:text="${item}" />
        . Status is
        <span th:text="${status.index}" />
        <br />
      </span>
    </th:block>
  </body>
</html>

]]></system-err>
  </testcase>
  <testcase name="JSPToThymeleafShouldConvert[07_fortokens.jsp]" classname="com.cybernostics.jsp2thymeleaf.JSP2ThymeleafHappyCaseTest" time="0.108">
    <failure message="07_fortokens.html:&#10;&#10;Expected: is &quot;&lt;!DOCTYPE html SYSTEM \&quot;http://thymeleaf.org/dtd/xhtml-strict-thymeleaf.dtd\&quot;&gt; &lt;html xmlns=\&quot;http://www.w3.org/1999/xhtml\&quot; xmlns:th=\&quot;http://www.thymeleaf.org\&quot;&gt; &lt;head&gt; &lt;title&gt;Thymeleaf Fragment Definition&lt;/title&gt; &lt;/head&gt; &lt;body&gt; &lt;th:block th:fragment=\&quot;content\&quot;&gt; &lt;h3&gt;forTokens&lt;/h3&gt; &lt;pre&gt;&amp;lt;c:forTokens var=\&quot;item\&quot; delims=\&quot;,\&quot; items=\&quot;fat,cat,sat,mat\&quot;&amp;gt; This is item \${item}&amp;lt;br/&amp;gt; &amp;lt;/c:forTokens&amp;gt;&lt;/pre&gt; &lt;span th:each=\&quot;item : ${#strings.split(&apos;fat,cat,sat,mat&apos;,&apos;,&apos;)\&quot;&gt; This is item &lt;span th:text=\&quot;${item}\&quot; /&gt; &lt;br /&gt; &lt;/span&gt; &lt;/th:block&gt; &lt;/body&gt; &lt;/html&gt;&quot;&#10;     but: was &quot;&lt;!DOCTYPE html SYSTEM \&quot;http://thymeleaf.org/dtd/xhtml-strict-thymeleaf.dtd\&quot;&gt; &lt;html xmlns=\&quot;http://www.w3.org/1999/xhtml\&quot; xmlns:th=\&quot;http://www.thymeleaf.org\&quot;&gt; &lt;head&gt; &lt;title&gt;Thymeleaf Fragment Definition&lt;/title&gt; &lt;/head&gt; &lt;body&gt; &lt;th:block th:fragment=\&quot;content\&quot;&gt; &lt;h3&gt;forTokens&lt;/h3&gt; &lt;pre&gt;&amp;lt;c:forTokens var=\&quot;item\&quot; delims=\&quot;,\&quot; items=\&quot;fat,cat,sat,mat\&quot;&amp;gt;&amp;#xD; This is item \${item}&amp;lt;br/&amp;gt;&amp;#xD; &amp;lt;/c:forTokens&amp;gt;&lt;/pre&gt; &lt;span th:each=\&quot;item : ${#strings.split(&apos;fat,cat,sat,mat&apos;,&apos;,&apos;)\&quot;&gt; This is item &lt;span th:text=\&quot;${item}\&quot; /&gt; &lt;br /&gt; &lt;/span&gt; &lt;/th:block&gt; &lt;/body&gt; &lt;/html&gt;&quot;" type="java.lang.AssertionError"><![CDATA[java.lang.AssertionError: 
07_fortokens.html:

Expected: is "<!DOCTYPE html SYSTEM \"http://thymeleaf.org/dtd/xhtml-strict-thymeleaf.dtd\"> <html xmlns=\"http://www.w3.org/1999/xhtml\" xmlns:th=\"http://www.thymeleaf.org\"> <head> <title>Thymeleaf Fragment Definition</title> </head> <body> <th:block th:fragment=\"content\"> <h3>forTokens</h3> <pre>&lt;c:forTokens var=\"item\" delims=\",\" items=\"fat,cat,sat,mat\"&gt; This is item \${item}&lt;br/&gt; &lt;/c:forTokens&gt;</pre> <span th:each=\"item : ${#strings.split('fat,cat,sat,mat',',')\"> This is item <span th:text=\"${item}\" /> <br /> </span> </th:block> </body> </html>"
     but: was "<!DOCTYPE html SYSTEM \"http://thymeleaf.org/dtd/xhtml-strict-thymeleaf.dtd\"> <html xmlns=\"http://www.w3.org/1999/xhtml\" xmlns:th=\"http://www.thymeleaf.org\"> <head> <title>Thymeleaf Fragment Definition</title> </head> <body> <th:block th:fragment=\"content\"> <h3>forTokens</h3> <pre>&lt;c:forTokens var=\"item\" delims=\",\" items=\"fat,cat,sat,mat\"&gt;&#xD; This is item \${item}&lt;br/&gt;&#xD; &lt;/c:forTokens&gt;</pre> <span th:each=\"item : ${#strings.split('fat,cat,sat,mat',',')\"> This is item <span th:text=\"${item}\" /> <br /> </span> </th:block> </body> </html>"
	at org.hamcrest.MatcherAssert.assertThat(MatcherAssert.java:20)
	at com.cybernostics.jsp2thymeleaf.JSP2ThymeleafHappyCaseTest.JSPToThymeleafShouldConvert(JSP2ThymeleafHappyCaseTest.java:72)
	at java.base/jdk.internal.reflect.DirectMethodHandleAccessor.invoke(DirectMethodHandleAccessor.java:103)
	at java.base/java.lang.reflect.Method.invoke(Method.java:580)
	at org.junit.runners.model.FrameworkMethod$1.runReflectiveCall(FrameworkMethod.java:50)
	at org.junit.internal.runners.model.ReflectiveCallable.run(ReflectiveCallable.java:12)
	at org.junit.runners.model.FrameworkMethod.invokeExplosively(FrameworkMethod.java:47)
	at org.junit.internal.runners.statements.InvokeMethod.evaluate(InvokeMethod.java:17)
	at org.junit.internal.runners.statements.RunAfters.evaluate(RunAfters.java:27)
	at org.junit.runners.ParentRunner.runLeaf(ParentRunner.java:325)
	at org.junit.runners.BlockJUnit4ClassRunner.runChild(BlockJUnit4ClassRunner.java:78)
	at org.junit.runners.BlockJUnit4ClassRunner.runChild(BlockJUnit4ClassRunner.java:57)
	at org.junit.runners.ParentRunner$3.run(ParentRunner.java:290)
	at org.junit.runners.ParentRunner$1.schedule(ParentRunner.java:71)
	at org.junit.runners.ParentRunner.runChildren(ParentRunner.java:288)
	at org.junit.runners.ParentRunner.access$000(ParentRunner.java:58)
	at org.junit.runners.ParentRunner$2.evaluate(ParentRunner.java:268)
	at org.junit.runners.ParentRunner.run(ParentRunner.java:363)
	at org.junit.runners.Suite.runChild(Suite.java:128)
	at org.junit.runners.Suite.runChild(Suite.java:27)
	at org.junit.runners.ParentRunner$3.run(ParentRunner.java:290)
	at org.junit.runners.ParentRunner$1.schedule(ParentRunner.java:71)
	at org.junit.runners.ParentRunner.runChildren(ParentRunner.java:288)
	at org.junit.runners.ParentRunner.access$000(ParentRunner.java:58)
	at org.junit.runners.ParentRunner$2.evaluate(ParentRunner.java:268)
	at org.junit.runners.ParentRunner.run(ParentRunner.java:363)
	at org.apache.maven.surefire.junit4.JUnit4Provider.execute(JUnit4Provider.java:316)
	at org.apache.maven.surefire.junit4.JUnit4Provider.executeWithRerun(JUnit4Provider.java:240)
	at org.apache.maven.surefire.junit4.JUnit4Provider.executeTestSet(JUnit4Provider.java:214)
	at org.apache.maven.surefire.junit4.JUnit4Provider.invoke(JUnit4Provider.java:155)
	at org.apache.maven.surefire.booter.ForkedBooter.runSuitesInProcess(ForkedBooter.java:385)
	at org.apache.maven.surefire.booter.ForkedBooter.execute(ForkedBooter.java:162)
	at org.apache.maven.surefire.booter.ForkedBooter.run(ForkedBooter.java:507)
	at org.apache.maven.surefire.booter.ForkedBooter.main(ForkedBooter.java:495)
]]></failure>
    <system-err><![CDATA[mai 03, 2025 8:34:31 P.M. com.cybernostics.jsp2thymeleaf.converters.JSP2ThymeleafFileConverter convert
INFOS: JSP2Thymeleaf wrote:C:\Users\ELMEHD~1.TAZ\AppData\Local\Temp\happyCaseTest7803448089024605006.html
mai 03, 2025 8:34:31 P.M. com.cybernostics.jsp2thymeleaf.JSP2ThymeleafHappyCaseTest JSPToThymeleafShouldConvert
INFOS: 
<!DOCTYPE html SYSTEM "http://thymeleaf.org/dtd/xhtml-strict-thymeleaf.dtd">
<html xmlns="http://www.w3.org/1999/xhtml" xmlns:th="http://www.thymeleaf.org">
  <head>
    <title>Thymeleaf Fragment Definition</title>
  </head>
  <body>
    <th:block th:fragment="content">
      <h3>forTokens</h3>
      <pre>&lt;c:forTokens var="item" delims="," items="fat,cat,sat,mat"&gt;&#xD;
This is item \${item}&lt;br/&gt;&#xD;
&lt;/c:forTokens&gt;</pre>
      <span th:each="item : ${#strings.split('fat,cat,sat,mat',',')">
        This is item
        <span th:text="${item}" />
        <br />
      </span>
    </th:block>
  </body>
</html>

]]></system-err>
  </testcase>
  <testcase name="JSPToThymeleafShouldConvert[08_choose.jsp]" classname="com.cybernostics.jsp2thymeleaf.JSP2ThymeleafHappyCaseTest" time="0.125">
    <failure message="08_choose.html:&#10;&#10;Expected: is &quot;&lt;!DOCTYPE html SYSTEM \&quot;http://thymeleaf.org/dtd/xhtml-strict-thymeleaf.dtd\&quot;&gt; &lt;html xmlns=\&quot;http://www.w3.org/1999/xhtml\&quot; xmlns:th=\&quot;http://www.thymeleaf.org\&quot;&gt; &lt;head&gt; &lt;title&gt;Thymeleaf Fragment Definition&lt;/title&gt; &lt;/head&gt; &lt;body&gt; &lt;th:block th:fragment=\&quot;content\&quot;&gt; &lt;h3&gt;Choose/When&lt;/h3&gt; &lt;pre&gt;&amp;lt;c:choose&amp;gt; &amp;lt;c:when test=\&quot;\${false}\&quot;&amp;gt;Should not contain this as the test is false.&amp;lt;/c:when&amp;gt; &amp;lt;c:when test=\&quot;\${true}\&quot;&amp;gt;Should contain this as the test is true.&amp;lt;/c:when&amp;gt; &amp;lt;c:otherwise&amp;gt;Shouldn&apos;t contain this as the previous condition matched&amp;lt;/c:otherwise&amp;gt; &amp;lt;/c:choose&amp;gt;&lt;/pre&gt; &lt;span th:choose=\&quot;\&quot;&gt; &lt;span th:when=\&quot;${false}\&quot;&gt;Should not contain this as the test is false.&lt;/span&gt; &lt;span th:when=\&quot;${true}\&quot;&gt;Should contain this as the test is true.&lt;/span&gt; &lt;span th:otherwise=\&quot;\&quot;&gt;Shouldn&apos;t contain this as the previous condition matched&lt;/span&gt; &lt;/span&gt; &lt;/th:block&gt; &lt;/body&gt; &lt;/html&gt;&quot;&#10;     but: was &quot;&lt;!DOCTYPE html SYSTEM \&quot;http://thymeleaf.org/dtd/xhtml-strict-thymeleaf.dtd\&quot;&gt; &lt;html xmlns=\&quot;http://www.w3.org/1999/xhtml\&quot; xmlns:th=\&quot;http://www.thymeleaf.org\&quot;&gt; &lt;head&gt; &lt;title&gt;Thymeleaf Fragment Definition&lt;/title&gt; &lt;/head&gt; &lt;body&gt; &lt;th:block th:fragment=\&quot;content\&quot;&gt; &lt;h3&gt;Choose/When&lt;/h3&gt; &lt;pre&gt;&amp;lt;c:choose&amp;gt;&amp;#xD; &amp;lt;c:when test=\&quot;\${false}\&quot;&amp;gt;Should not contain this as the test is false.&amp;lt;/c:when&amp;gt;&amp;#xD; &amp;lt;c:when test=\&quot;\${true}\&quot;&amp;gt;Should contain this as the test is true.&amp;lt;/c:when&amp;gt;&amp;#xD; &amp;lt;c:otherwise&amp;gt;Shouldn&apos;t contain this as the previous condition matched&amp;lt;/c:otherwise&amp;gt;&amp;#xD; &amp;lt;/c:choose&amp;gt;&lt;/pre&gt; &lt;span th:choose=\&quot;\&quot;&gt; &lt;span th:when=\&quot;${false}\&quot;&gt;Should not contain this as the test is false.&lt;/span&gt; &lt;span th:when=\&quot;${true}\&quot;&gt;Should contain this as the test is true.&lt;/span&gt; &lt;span th:otherwise=\&quot;\&quot;&gt;Shouldn&apos;t contain this as the previous condition matched&lt;/span&gt; &lt;/span&gt; &lt;/th:block&gt; &lt;/body&gt; &lt;/html&gt;&quot;" type="java.lang.AssertionError"><![CDATA[java.lang.AssertionError: 
08_choose.html:

Expected: is "<!DOCTYPE html SYSTEM \"http://thymeleaf.org/dtd/xhtml-strict-thymeleaf.dtd\"> <html xmlns=\"http://www.w3.org/1999/xhtml\" xmlns:th=\"http://www.thymeleaf.org\"> <head> <title>Thymeleaf Fragment Definition</title> </head> <body> <th:block th:fragment=\"content\"> <h3>Choose/When</h3> <pre>&lt;c:choose&gt; &lt;c:when test=\"\${false}\"&gt;Should not contain this as the test is false.&lt;/c:when&gt; &lt;c:when test=\"\${true}\"&gt;Should contain this as the test is true.&lt;/c:when&gt; &lt;c:otherwise&gt;Shouldn't contain this as the previous condition matched&lt;/c:otherwise&gt; &lt;/c:choose&gt;</pre> <span th:choose=\"\"> <span th:when=\"${false}\">Should not contain this as the test is false.</span> <span th:when=\"${true}\">Should contain this as the test is true.</span> <span th:otherwise=\"\">Shouldn't contain this as the previous condition matched</span> </span> </th:block> </body> </html>"
     but: was "<!DOCTYPE html SYSTEM \"http://thymeleaf.org/dtd/xhtml-strict-thymeleaf.dtd\"> <html xmlns=\"http://www.w3.org/1999/xhtml\" xmlns:th=\"http://www.thymeleaf.org\"> <head> <title>Thymeleaf Fragment Definition</title> </head> <body> <th:block th:fragment=\"content\"> <h3>Choose/When</h3> <pre>&lt;c:choose&gt;&#xD; &lt;c:when test=\"\${false}\"&gt;Should not contain this as the test is false.&lt;/c:when&gt;&#xD; &lt;c:when test=\"\${true}\"&gt;Should contain this as the test is true.&lt;/c:when&gt;&#xD; &lt;c:otherwise&gt;Shouldn't contain this as the previous condition matched&lt;/c:otherwise&gt;&#xD; &lt;/c:choose&gt;</pre> <span th:choose=\"\"> <span th:when=\"${false}\">Should not contain this as the test is false.</span> <span th:when=\"${true}\">Should contain this as the test is true.</span> <span th:otherwise=\"\">Shouldn't contain this as the previous condition matched</span> </span> </th:block> </body> </html>"
	at org.hamcrest.MatcherAssert.assertThat(MatcherAssert.java:20)
	at com.cybernostics.jsp2thymeleaf.JSP2ThymeleafHappyCaseTest.JSPToThymeleafShouldConvert(JSP2ThymeleafHappyCaseTest.java:72)
	at java.base/jdk.internal.reflect.DirectMethodHandleAccessor.invoke(DirectMethodHandleAccessor.java:103)
	at java.base/java.lang.reflect.Method.invoke(Method.java:580)
	at org.junit.runners.model.FrameworkMethod$1.runReflectiveCall(FrameworkMethod.java:50)
	at org.junit.internal.runners.model.ReflectiveCallable.run(ReflectiveCallable.java:12)
	at org.junit.runners.model.FrameworkMethod.invokeExplosively(FrameworkMethod.java:47)
	at org.junit.internal.runners.statements.InvokeMethod.evaluate(InvokeMethod.java:17)
	at org.junit.internal.runners.statements.RunAfters.evaluate(RunAfters.java:27)
	at org.junit.runners.ParentRunner.runLeaf(ParentRunner.java:325)
	at org.junit.runners.BlockJUnit4ClassRunner.runChild(BlockJUnit4ClassRunner.java:78)
	at org.junit.runners.BlockJUnit4ClassRunner.runChild(BlockJUnit4ClassRunner.java:57)
	at org.junit.runners.ParentRunner$3.run(ParentRunner.java:290)
	at org.junit.runners.ParentRunner$1.schedule(ParentRunner.java:71)
	at org.junit.runners.ParentRunner.runChildren(ParentRunner.java:288)
	at org.junit.runners.ParentRunner.access$000(ParentRunner.java:58)
	at org.junit.runners.ParentRunner$2.evaluate(ParentRunner.java:268)
	at org.junit.runners.ParentRunner.run(ParentRunner.java:363)
	at org.junit.runners.Suite.runChild(Suite.java:128)
	at org.junit.runners.Suite.runChild(Suite.java:27)
	at org.junit.runners.ParentRunner$3.run(ParentRunner.java:290)
	at org.junit.runners.ParentRunner$1.schedule(ParentRunner.java:71)
	at org.junit.runners.ParentRunner.runChildren(ParentRunner.java:288)
	at org.junit.runners.ParentRunner.access$000(ParentRunner.java:58)
	at org.junit.runners.ParentRunner$2.evaluate(ParentRunner.java:268)
	at org.junit.runners.ParentRunner.run(ParentRunner.java:363)
	at org.apache.maven.surefire.junit4.JUnit4Provider.execute(JUnit4Provider.java:316)
	at org.apache.maven.surefire.junit4.JUnit4Provider.executeWithRerun(JUnit4Provider.java:240)
	at org.apache.maven.surefire.junit4.JUnit4Provider.executeTestSet(JUnit4Provider.java:214)
	at org.apache.maven.surefire.junit4.JUnit4Provider.invoke(JUnit4Provider.java:155)
	at org.apache.maven.surefire.booter.ForkedBooter.runSuitesInProcess(ForkedBooter.java:385)
	at org.apache.maven.surefire.booter.ForkedBooter.execute(ForkedBooter.java:162)
	at org.apache.maven.surefire.booter.ForkedBooter.run(ForkedBooter.java:507)
	at org.apache.maven.surefire.booter.ForkedBooter.main(ForkedBooter.java:495)
]]></failure>
    <system-err><![CDATA[mai 03, 2025 8:34:31 P.M. com.cybernostics.jsp2thymeleaf.converters.JSP2ThymeleafFileConverter convert
INFOS: JSP2Thymeleaf wrote:C:\Users\ELMEHD~1.TAZ\AppData\Local\Temp\happyCaseTest17975638664457878932.html
mai 03, 2025 8:34:31 P.M. com.cybernostics.jsp2thymeleaf.JSP2ThymeleafHappyCaseTest JSPToThymeleafShouldConvert
INFOS: 
<!DOCTYPE html SYSTEM "http://thymeleaf.org/dtd/xhtml-strict-thymeleaf.dtd">
<html xmlns="http://www.w3.org/1999/xhtml" xmlns:th="http://www.thymeleaf.org">
  <head>
    <title>Thymeleaf Fragment Definition</title>
  </head>
  <body>
    <th:block th:fragment="content">
      <h3>Choose/When</h3>
      <pre>&lt;c:choose&gt;&#xD;
    &lt;c:when test="\${false}"&gt;Should not contain this as the test is false.&lt;/c:when&gt;&#xD;
    &lt;c:when test="\${true}"&gt;Should contain this as the test is true.&lt;/c:when&gt;&#xD;
    &lt;c:otherwise&gt;Shouldn't contain this as the previous condition matched&lt;/c:otherwise&gt;&#xD;
&lt;/c:choose&gt;</pre>
      <span th:choose="">
        <span th:when="${false}">Should not contain this as the test is false.</span>
        <span th:when="${true}">Should contain this as the test is true.</span>
        <span th:otherwise="">Shouldn't contain this as the previous condition matched</span>
      </span>
    </th:block>
  </body>
</html>

]]></system-err>
  </testcase>
  <testcase name="JSPToThymeleafShouldConvert[09_curl.jsp]" classname="com.cybernostics.jsp2thymeleaf.JSP2ThymeleafHappyCaseTest" time="0.176">
    <system-err><![CDATA[mai 03, 2025 8:34:31 P.M. com.cybernostics.jsp2thymeleaf.converters.JSP2ThymeleafFileConverter convert
INFOS: JSP2Thymeleaf wrote:C:\Users\ELMEHD~1.TAZ\AppData\Local\Temp\happyCaseTest2060151339506667918.html
mai 03, 2025 8:34:31 P.M. com.cybernostics.jsp2thymeleaf.JSP2ThymeleafHappyCaseTest JSPToThymeleafShouldConvert
INFOS: 
<!DOCTYPE html SYSTEM "http://thymeleaf.org/dtd/xhtml-strict-thymeleaf.dtd">
<html xmlns="http://www.w3.org/1999/xhtml" xmlns:th="http://www.thymeleaf.org">
  <head>
    <title>Thymeleaf Fragment Definition</title>
  </head>
  <body>
    <span th:fragment="content">
      <span th:text="${pageParams.put('someVar',@{/root/path/here})" />
      <span th:text="${pageParams.put('someVar',@{~acontext/root/path/here})" />
      <span th:text="${pageParams.put('someVar',@{~acontext/root/path/here(somekey=${value},somekey2='literal')})" />
      <a th:href="@{/embedded/path}">Some Link</a>
      <a th:href="@{~acontext/embedded/path}">Some Link</a>
      <a th:href="@{/embedded/path(somekey=${value},somekey2='literal')}">Some Link</a>
    </span>
  </body>
</html>

]]></system-err>
  </testcase>
  <testcase name="JSPToThymeleafShouldConvert[10_javascript.jsp]" classname="com.cybernostics.jsp2thymeleaf.JSP2ThymeleafHappyCaseTest" time="0.13">
    <failure message="10_javascript.html:&#10;&#10;Expected: is &quot;&lt;!DOCTYPE html SYSTEM \&quot;http://thymeleaf.org/dtd/xhtml-strict-thymeleaf.dtd\&quot;&gt; &lt;html xmlns=\&quot;http://www.w3.org/1999/xhtml\&quot; xmlns:th=\&quot;http://www.thymeleaf.org\&quot;&gt; &lt;head&gt; &lt;title&gt;Thymeleaf Fragment Definition&lt;/title&gt; &lt;/head&gt; &lt;body&gt; &lt;span th:fragment=\&quot;content\&quot;&gt; &lt;script&gt;function doSomething(){ var someVar=\&quot;&lt;th:block th:text=\&quot;${someVar}\&quot;&gt;SomeVar&lt;/th:block&gt;\&quot;; var someOtherVar = [\&quot;&lt;th:block th:text=\&quot;${valueHere}\&quot; /&gt;\&quot;]; } &lt;/script&gt; &lt;/span&gt; &lt;/body&gt; &lt;/html&gt;&quot;&#10;     but: was &quot;&lt;!DOCTYPE html SYSTEM \&quot;http://thymeleaf.org/dtd/xhtml-strict-thymeleaf.dtd\&quot;&gt; &lt;html xmlns=\&quot;http://www.w3.org/1999/xhtml\&quot; xmlns:th=\&quot;http://www.thymeleaf.org\&quot;&gt; &lt;head&gt; &lt;title&gt;Thymeleaf Fragment Definition&lt;/title&gt; &lt;/head&gt; &lt;body&gt; &lt;span th:fragment=\&quot;content\&quot;&gt; &lt;script&gt;function doSomething(){&amp;#xD; var someVar=\&quot;&lt;th:block th:text=\&quot;${someVar}\&quot;&gt;SomeVar&lt;/th:block&gt;\&quot;;&amp;#xD; var someOtherVar = [\&quot;&lt;th:block th:text=\&quot;${valueHere}\&quot; /&gt;\&quot;];&amp;#xD; } &lt;/script&gt; &lt;/span&gt; &lt;/body&gt; &lt;/html&gt;&quot;" type="java.lang.AssertionError"><![CDATA[java.lang.AssertionError: 
10_javascript.html:

Expected: is "<!DOCTYPE html SYSTEM \"http://thymeleaf.org/dtd/xhtml-strict-thymeleaf.dtd\"> <html xmlns=\"http://www.w3.org/1999/xhtml\" xmlns:th=\"http://www.thymeleaf.org\"> <head> <title>Thymeleaf Fragment Definition</title> </head> <body> <span th:fragment=\"content\"> <script>function doSomething(){ var someVar=\"<th:block th:text=\"${someVar}\">SomeVar</th:block>\"; var someOtherVar = [\"<th:block th:text=\"${valueHere}\" />\"]; } </script> </span> </body> </html>"
     but: was "<!DOCTYPE html SYSTEM \"http://thymeleaf.org/dtd/xhtml-strict-thymeleaf.dtd\"> <html xmlns=\"http://www.w3.org/1999/xhtml\" xmlns:th=\"http://www.thymeleaf.org\"> <head> <title>Thymeleaf Fragment Definition</title> </head> <body> <span th:fragment=\"content\"> <script>function doSomething(){&#xD; var someVar=\"<th:block th:text=\"${someVar}\">SomeVar</th:block>\";&#xD; var someOtherVar = [\"<th:block th:text=\"${valueHere}\" />\"];&#xD; } </script> </span> </body> </html>"
	at org.hamcrest.MatcherAssert.assertThat(MatcherAssert.java:20)
	at com.cybernostics.jsp2thymeleaf.JSP2ThymeleafHappyCaseTest.JSPToThymeleafShouldConvert(JSP2ThymeleafHappyCaseTest.java:72)
	at java.base/jdk.internal.reflect.DirectMethodHandleAccessor.invoke(DirectMethodHandleAccessor.java:103)
	at java.base/java.lang.reflect.Method.invoke(Method.java:580)
	at org.junit.runners.model.FrameworkMethod$1.runReflectiveCall(FrameworkMethod.java:50)
	at org.junit.internal.runners.model.ReflectiveCallable.run(ReflectiveCallable.java:12)
	at org.junit.runners.model.FrameworkMethod.invokeExplosively(FrameworkMethod.java:47)
	at org.junit.internal.runners.statements.InvokeMethod.evaluate(InvokeMethod.java:17)
	at org.junit.internal.runners.statements.RunAfters.evaluate(RunAfters.java:27)
	at org.junit.runners.ParentRunner.runLeaf(ParentRunner.java:325)
	at org.junit.runners.BlockJUnit4ClassRunner.runChild(BlockJUnit4ClassRunner.java:78)
	at org.junit.runners.BlockJUnit4ClassRunner.runChild(BlockJUnit4ClassRunner.java:57)
	at org.junit.runners.ParentRunner$3.run(ParentRunner.java:290)
	at org.junit.runners.ParentRunner$1.schedule(ParentRunner.java:71)
	at org.junit.runners.ParentRunner.runChildren(ParentRunner.java:288)
	at org.junit.runners.ParentRunner.access$000(ParentRunner.java:58)
	at org.junit.runners.ParentRunner$2.evaluate(ParentRunner.java:268)
	at org.junit.runners.ParentRunner.run(ParentRunner.java:363)
	at org.junit.runners.Suite.runChild(Suite.java:128)
	at org.junit.runners.Suite.runChild(Suite.java:27)
	at org.junit.runners.ParentRunner$3.run(ParentRunner.java:290)
	at org.junit.runners.ParentRunner$1.schedule(ParentRunner.java:71)
	at org.junit.runners.ParentRunner.runChildren(ParentRunner.java:288)
	at org.junit.runners.ParentRunner.access$000(ParentRunner.java:58)
	at org.junit.runners.ParentRunner$2.evaluate(ParentRunner.java:268)
	at org.junit.runners.ParentRunner.run(ParentRunner.java:363)
	at org.apache.maven.surefire.junit4.JUnit4Provider.execute(JUnit4Provider.java:316)
	at org.apache.maven.surefire.junit4.JUnit4Provider.executeWithRerun(JUnit4Provider.java:240)
	at org.apache.maven.surefire.junit4.JUnit4Provider.executeTestSet(JUnit4Provider.java:214)
	at org.apache.maven.surefire.junit4.JUnit4Provider.invoke(JUnit4Provider.java:155)
	at org.apache.maven.surefire.booter.ForkedBooter.runSuitesInProcess(ForkedBooter.java:385)
	at org.apache.maven.surefire.booter.ForkedBooter.execute(ForkedBooter.java:162)
	at org.apache.maven.surefire.booter.ForkedBooter.run(ForkedBooter.java:507)
	at org.apache.maven.surefire.booter.ForkedBooter.main(ForkedBooter.java:495)
]]></failure>
    <system-err><![CDATA[mai 03, 2025 8:34:31 P.M. com.cybernostics.jsp2thymeleaf.converters.JSP2ThymeleafFileConverter convert
INFOS: JSP2Thymeleaf wrote:C:\Users\ELMEHD~1.TAZ\AppData\Local\Temp\happyCaseTest6128451941338664896.html
mai 03, 2025 8:34:31 P.M. com.cybernostics.jsp2thymeleaf.JSP2ThymeleafHappyCaseTest JSPToThymeleafShouldConvert
INFOS: 
<!DOCTYPE html SYSTEM "http://thymeleaf.org/dtd/xhtml-strict-thymeleaf.dtd">
<html xmlns="http://www.w3.org/1999/xhtml" xmlns:th="http://www.thymeleaf.org">
  <head>
    <title>Thymeleaf Fragment Definition</title>
  </head>
  <body>
    <span th:fragment="content">
      <script>function doSomething(){&#xD;
     var someVar="<th:block th:text="${someVar}">SomeVar</th:block>";&#xD;
     var someOtherVar = ["<th:block th:text="${valueHere}" />"];&#xD;
 }
      </script>
    </span>
  </body>
</html>

]]></system-err>
  </testcase>
  <testcase name="JSPToThymeleafShouldConvert[11_scriptlet.jsp]" classname="com.cybernostics.jsp2thymeleaf.JSP2ThymeleafHappyCaseTest" time="0.121">
    <error message="Cannot add a second root element, only one is allowed" type="org.jdom2.IllegalAddException"><![CDATA[org.jdom2.IllegalAddException: Cannot add a second root element, only one is allowed
	at org.jdom2.Document.canContainContent(Document.java:799)
	at org.jdom2.ContentList.add(ContentList.java:246)
	at org.jdom2.ContentList.addAll(ContentList.java:306)
	at org.jdom2.ContentList.addAll(ContentList.java:272)
	at org.jdom2.Document.addContent(Document.java:337)
	at com.cybernostics.jsp2thymeleaf.parser.JSP2ThymeleafTransformerListener.addContent(JSP2ThymeleafTransformerListener.java:392)
	at com.cybernostics.jsp2thymeleaf.parser.JSP2ThymeleafTransformerListener.addContent(JSP2ThymeleafTransformerListener.java:375)
	at com.cybernostics.jsp2thymeleaf.parser.JSP2ThymeleafTransformerListener.enterHtmlChardata(JSP2ThymeleafTransformerListener.java:170)
	at com.cybernostics.jsp.parser.JSPParser$HtmlChardataContext.enterRule(JSPParser.java:1067)
	at org.antlr.v4.runtime.tree.ParseTreeWalker.enterRule(ParseTreeWalker.java:66)
	at org.antlr.v4.runtime.tree.ParseTreeWalker.walk(ParseTreeWalker.java:49)
	at org.antlr.v4.runtime.tree.ParseTreeWalker.walk(ParseTreeWalker.java:52)
	at org.antlr.v4.runtime.tree.ParseTreeWalker.walk(ParseTreeWalker.java:52)
	at org.antlr.v4.runtime.tree.ParseTreeWalker.walk(ParseTreeWalker.java:52)
	at com.cybernostics.jsp2thymeleaf.converters.JSP2ThymeleafFileConverter.convert(JSP2ThymeleafFileConverter.java:64)
	at com.cybernostics.jsp2thymeleaf.JSP2ThymeleafHappyCaseTest.JSPToThymeleafShouldConvert(JSP2ThymeleafHappyCaseTest.java:68)
	at java.base/jdk.internal.reflect.DirectMethodHandleAccessor.invoke(DirectMethodHandleAccessor.java:103)
	at java.base/java.lang.reflect.Method.invoke(Method.java:580)
	at org.junit.runners.model.FrameworkMethod$1.runReflectiveCall(FrameworkMethod.java:50)
	at org.junit.internal.runners.model.ReflectiveCallable.run(ReflectiveCallable.java:12)
	at org.junit.runners.model.FrameworkMethod.invokeExplosively(FrameworkMethod.java:47)
	at org.junit.internal.runners.statements.InvokeMethod.evaluate(InvokeMethod.java:17)
	at org.junit.internal.runners.statements.RunAfters.evaluate(RunAfters.java:27)
	at org.junit.runners.ParentRunner.runLeaf(ParentRunner.java:325)
	at org.junit.runners.BlockJUnit4ClassRunner.runChild(BlockJUnit4ClassRunner.java:78)
	at org.junit.runners.BlockJUnit4ClassRunner.runChild(BlockJUnit4ClassRunner.java:57)
	at org.junit.runners.ParentRunner$3.run(ParentRunner.java:290)
	at org.junit.runners.ParentRunner$1.schedule(ParentRunner.java:71)
	at org.junit.runners.ParentRunner.runChildren(ParentRunner.java:288)
	at org.junit.runners.ParentRunner.access$000(ParentRunner.java:58)
	at org.junit.runners.ParentRunner$2.evaluate(ParentRunner.java:268)
	at org.junit.runners.ParentRunner.run(ParentRunner.java:363)
	at org.junit.runners.Suite.runChild(Suite.java:128)
	at org.junit.runners.Suite.runChild(Suite.java:27)
	at org.junit.runners.ParentRunner$3.run(ParentRunner.java:290)
	at org.junit.runners.ParentRunner$1.schedule(ParentRunner.java:71)
	at org.junit.runners.ParentRunner.runChildren(ParentRunner.java:288)
	at org.junit.runners.ParentRunner.access$000(ParentRunner.java:58)
	at org.junit.runners.ParentRunner$2.evaluate(ParentRunner.java:268)
	at org.junit.runners.ParentRunner.run(ParentRunner.java:363)
	at org.apache.maven.surefire.junit4.JUnit4Provider.execute(JUnit4Provider.java:316)
	at org.apache.maven.surefire.junit4.JUnit4Provider.executeWithRerun(JUnit4Provider.java:240)
	at org.apache.maven.surefire.junit4.JUnit4Provider.executeTestSet(JUnit4Provider.java:214)
	at org.apache.maven.surefire.junit4.JUnit4Provider.invoke(JUnit4Provider.java:155)
	at org.apache.maven.surefire.booter.ForkedBooter.runSuitesInProcess(ForkedBooter.java:385)
	at org.apache.maven.surefire.booter.ForkedBooter.execute(ForkedBooter.java:162)
	at org.apache.maven.surefire.booter.ForkedBooter.run(ForkedBooter.java:507)
	at org.apache.maven.surefire.booter.ForkedBooter.main(ForkedBooter.java:495)
]]></error>
    <system-err><![CDATA[line 5:3 no viable alternative at input '<% i'
line 5:3 no viable alternative at input '<% i'
]]></system-err>
  </testcase>
</testsuite>